  [1m[35m (243.7ms)[0m  [1m[35mCREATE DATABASE "project-1_development" ENCODING = 'unicode'[0m
  ↳ /Users/mojave-vm/.rvm/rubies/ruby-2.7.0/lib/ruby/gems/2.7.0/gems/rake-13.0.1/lib/rake/task.rb:281
  [1m[35m (92.9ms)[0m  [1m[35mCREATE DATABASE "project-1_test" ENCODING = 'unicode'[0m
  ↳ /Users/mojave-vm/.rvm/rubies/ruby-2.7.0/lib/ruby/gems/2.7.0/gems/rake-13.0.1/lib/rake/task.rb:281
  [1m[35m (15.5ms)[0m  [1m[35mCREATE TABLE "schema_migrations" ("version" character varying NOT NULL PRIMARY KEY)[0m
  ↳ /Users/mojave-vm/.rvm/rubies/ruby-2.7.0/lib/ruby/gems/2.7.0/gems/rake-13.0.1/lib/rake/task.rb:281
  [1m[35m (3.5ms)[0m  [1m[35mCREATE TABLE "ar_internal_metadata" ("key" character varying NOT NULL PRIMARY KEY, "value" character varying, "created_at" timestamp NOT NULL, "updated_at" timestamp NOT NULL)[0m
  ↳ /Users/mojave-vm/.rvm/rubies/ruby-2.7.0/lib/ruby/gems/2.7.0/gems/rake-13.0.1/lib/rake/task.rb:281
  [1m[35m (0.5ms)[0m  [1m[34mSELECT pg_try_advisory_lock(8258345215367772105)[0m
  ↳ /Users/mojave-vm/.rvm/rubies/ruby-2.7.0/lib/ruby/gems/2.7.0/gems/rake-13.0.1/lib/rake/task.rb:281
  [1m[35m (0.7ms)[0m  [1m[34mSELECT "schema_migrations"."version" FROM "schema_migrations" ORDER BY "schema_migrations"."version" ASC[0m
  ↳ /Users/mojave-vm/.rvm/rubies/ruby-2.7.0/lib/ruby/gems/2.7.0/gems/rake-13.0.1/lib/rake/task.rb:281
Migrating to CreateFighters (20200319070634)
  [1m[35m (0.8ms)[0m  [1m[35mBEGIN[0m
  ↳ /Users/mojave-vm/.rvm/rubies/ruby-2.7.0/lib/ruby/gems/2.7.0/gems/rake-13.0.1/lib/rake/task.rb:281
  [1m[35m (9.1ms)[0m  [1m[35mCREATE TABLE "fighters" ("id" bigserial primary key, "name" text, "stock_symbol" text, "availability" text, "image" text, "final_smash" text, "created_at" timestamp NOT NULL, "updated_at" timestamp NOT NULL)[0m
  ↳ db/migrate/20200319070634_create_fighters.rb:3
  [1m[36mActiveRecord::SchemaMigration Create (4.1ms)[0m  [1m[32mINSERT INTO "schema_migrations" ("version") VALUES ($1) RETURNING "version"[0m  [["version", "20200319070634"]]
  ↳ /Users/mojave-vm/.rvm/rubies/ruby-2.7.0/lib/ruby/gems/2.7.0/gems/rake-13.0.1/lib/rake/task.rb:281
  [1m[35m (0.9ms)[0m  [1m[35mCOMMIT[0m
  ↳ /Users/mojave-vm/.rvm/rubies/ruby-2.7.0/lib/ruby/gems/2.7.0/gems/rake-13.0.1/lib/rake/task.rb:281
Migrating to AddFranchiseToFighters (20200319071241)
  [1m[35m (0.5ms)[0m  [1m[35mBEGIN[0m
  ↳ /Users/mojave-vm/.rvm/rubies/ruby-2.7.0/lib/ruby/gems/2.7.0/gems/rake-13.0.1/lib/rake/task.rb:281
  [1m[35m (1.7ms)[0m  [1m[35mALTER TABLE "fighters" ADD "franchise" text[0m
  ↳ db/migrate/20200319071241_add_franchise_to_fighters.rb:3
  [1m[36mActiveRecord::SchemaMigration Create (4.7ms)[0m  [1m[32mINSERT INTO "schema_migrations" ("version") VALUES ($1) RETURNING "version"[0m  [["version", "20200319071241"]]
  ↳ /Users/mojave-vm/.rvm/rubies/ruby-2.7.0/lib/ruby/gems/2.7.0/gems/rake-13.0.1/lib/rake/task.rb:281
  [1m[35m (1.1ms)[0m  [1m[35mCOMMIT[0m
  ↳ /Users/mojave-vm/.rvm/rubies/ruby-2.7.0/lib/ruby/gems/2.7.0/gems/rake-13.0.1/lib/rake/task.rb:281
Migrating to CreateGames (20200319071430)
  [1m[35m (0.4ms)[0m  [1m[35mBEGIN[0m
  ↳ /Users/mojave-vm/.rvm/rubies/ruby-2.7.0/lib/ruby/gems/2.7.0/gems/rake-13.0.1/lib/rake/task.rb:281
  [1m[35m (3.8ms)[0m  [1m[35mCREATE TABLE "games" ("id" bigserial primary key, "name" text, "release_date" date, "patch_version" text, "image" text, "created_at" timestamp NOT NULL, "updated_at" timestamp NOT NULL)[0m
  ↳ db/migrate/20200319071430_create_games.rb:3
  [1m[36mActiveRecord::SchemaMigration Create (0.6ms)[0m  [1m[32mINSERT INTO "schema_migrations" ("version") VALUES ($1) RETURNING "version"[0m  [["version", "20200319071430"]]
  ↳ /Users/mojave-vm/.rvm/rubies/ruby-2.7.0/lib/ruby/gems/2.7.0/gems/rake-13.0.1/lib/rake/task.rb:281
  [1m[35m (0.7ms)[0m  [1m[35mCOMMIT[0m
  ↳ /Users/mojave-vm/.rvm/rubies/ruby-2.7.0/lib/ruby/gems/2.7.0/gems/rake-13.0.1/lib/rake/task.rb:281
Migrating to CreateSpecials (20200319071627)
  [1m[35m (0.5ms)[0m  [1m[35mBEGIN[0m
  ↳ /Users/mojave-vm/.rvm/rubies/ruby-2.7.0/lib/ruby/gems/2.7.0/gems/rake-13.0.1/lib/rake/task.rb:281
  [1m[35m (4.3ms)[0m  [1m[35mCREATE TABLE "specials" ("id" bigserial primary key, "name" text, "input_direction" text, "attack_type" text, "damage_dealt" text, "preview" text, "fighter_id" integer, "created_at" timestamp NOT NULL, "updated_at" timestamp NOT NULL)[0m
  ↳ db/migrate/20200319071627_create_specials.rb:3
  [1m[36mActiveRecord::SchemaMigration Create (0.8ms)[0m  [1m[32mINSERT INTO "schema_migrations" ("version") VALUES ($1) RETURNING "version"[0m  [["version", "20200319071627"]]
  ↳ /Users/mojave-vm/.rvm/rubies/ruby-2.7.0/lib/ruby/gems/2.7.0/gems/rake-13.0.1/lib/rake/task.rb:281
  [1m[35m (0.8ms)[0m  [1m[35mCOMMIT[0m
  ↳ /Users/mojave-vm/.rvm/rubies/ruby-2.7.0/lib/ruby/gems/2.7.0/gems/rake-13.0.1/lib/rake/task.rb:281
Migrating to CreateFightersGames (20200319071848)
  [1m[35m (0.6ms)[0m  [1m[35mBEGIN[0m
  ↳ /Users/mojave-vm/.rvm/rubies/ruby-2.7.0/lib/ruby/gems/2.7.0/gems/rake-13.0.1/lib/rake/task.rb:281
  [1m[35m (2.9ms)[0m  [1m[35mCREATE TABLE "fighters_games" ("id" bigserial primary key, "fighter_id" integer, "game_id" integer)[0m
  ↳ db/migrate/20200319071848_create_fighters_games.rb:3
  [1m[36mActiveRecord::SchemaMigration Create (2.2ms)[0m  [1m[32mINSERT INTO "schema_migrations" ("version") VALUES ($1) RETURNING "version"[0m  [["version", "20200319071848"]]
  ↳ /Users/mojave-vm/.rvm/rubies/ruby-2.7.0/lib/ruby/gems/2.7.0/gems/rake-13.0.1/lib/rake/task.rb:281
  [1m[35m (0.9ms)[0m  [1m[35mCOMMIT[0m
  ↳ /Users/mojave-vm/.rvm/rubies/ruby-2.7.0/lib/ruby/gems/2.7.0/gems/rake-13.0.1/lib/rake/task.rb:281
Migrating to CreatePosts (20200319072003)
  [1m[35m (0.6ms)[0m  [1m[35mBEGIN[0m
  ↳ /Users/mojave-vm/.rvm/rubies/ruby-2.7.0/lib/ruby/gems/2.7.0/gems/rake-13.0.1/lib/rake/task.rb:281
  [1m[35m (5.5ms)[0m  [1m[35mCREATE TABLE "posts" ("id" bigserial primary key, "user_id" integer, "fighter_id" integer, "game_id" integer, "special_id" integer, "content" text, "like_amount" integer, "date_posted" date, "created_at" timestamp NOT NULL, "updated_at" timestamp NOT NULL)[0m
  ↳ db/migrate/20200319072003_create_posts.rb:3
  [1m[36mActiveRecord::SchemaMigration Create (0.4ms)[0m  [1m[32mINSERT INTO "schema_migrations" ("version") VALUES ($1) RETURNING "version"[0m  [["version", "20200319072003"]]
  ↳ /Users/mojave-vm/.rvm/rubies/ruby-2.7.0/lib/ruby/gems/2.7.0/gems/rake-13.0.1/lib/rake/task.rb:281
  [1m[35m (0.5ms)[0m  [1m[35mCOMMIT[0m
  ↳ /Users/mojave-vm/.rvm/rubies/ruby-2.7.0/lib/ruby/gems/2.7.0/gems/rake-13.0.1/lib/rake/task.rb:281
  [1m[36mActiveRecord::InternalMetadata Load (0.6ms)[0m  [1m[34mSELECT  "ar_internal_metadata".* FROM "ar_internal_metadata" WHERE "ar_internal_metadata"."key" = $1 LIMIT $2[0m  [["key", "environment"], ["LIMIT", 1]]
  ↳ /Users/mojave-vm/.rvm/rubies/ruby-2.7.0/lib/ruby/gems/2.7.0/gems/rake-13.0.1/lib/rake/task.rb:281
  [1m[35m (0.4ms)[0m  [1m[35mBEGIN[0m
  ↳ /Users/mojave-vm/.rvm/rubies/ruby-2.7.0/lib/ruby/gems/2.7.0/gems/rake-13.0.1/lib/rake/task.rb:281
  [1m[36mActiveRecord::InternalMetadata Create (1.9ms)[0m  [1m[32mINSERT INTO "ar_internal_metadata" ("key", "value", "created_at", "updated_at") VALUES ($1, $2, $3, $4) RETURNING "key"[0m  [["key", "environment"], ["value", "development"], ["created_at", "2020-03-19 07:27:30.593406"], ["updated_at", "2020-03-19 07:27:30.593406"]]
  ↳ /Users/mojave-vm/.rvm/rubies/ruby-2.7.0/lib/ruby/gems/2.7.0/gems/rake-13.0.1/lib/rake/task.rb:281
  [1m[35m (0.6ms)[0m  [1m[35mCOMMIT[0m
  ↳ /Users/mojave-vm/.rvm/rubies/ruby-2.7.0/lib/ruby/gems/2.7.0/gems/rake-13.0.1/lib/rake/task.rb:281
  [1m[35m (0.4ms)[0m  [1m[34mSELECT pg_advisory_unlock(8258345215367772105)[0m
  ↳ /Users/mojave-vm/.rvm/rubies/ruby-2.7.0/lib/ruby/gems/2.7.0/gems/rake-13.0.1/lib/rake/task.rb:281
  [1m[35m (0.5ms)[0m  [1m[34mSELECT "schema_migrations"."version" FROM "schema_migrations" ORDER BY "schema_migrations"."version" ASC[0m
  ↳ /Users/mojave-vm/.rvm/rubies/ruby-2.7.0/lib/ruby/gems/2.7.0/gems/rake-13.0.1/lib/rake/task.rb:281
  [1m[35m (0.4ms)[0m  [1m[34mSELECT pg_try_advisory_lock(8258345215367772105)[0m
  ↳ /Users/mojave-vm/.rvm/rubies/ruby-2.7.0/lib/ruby/gems/2.7.0/gems/rake-13.0.1/lib/rake/task.rb:281
  [1m[35m (1.0ms)[0m  [1m[34mSELECT "schema_migrations"."version" FROM "schema_migrations" ORDER BY "schema_migrations"."version" ASC[0m
  ↳ /Users/mojave-vm/.rvm/rubies/ruby-2.7.0/lib/ruby/gems/2.7.0/gems/rake-13.0.1/lib/rake/task.rb:281
Migrating to CreateUsers (20200319072902)
  [1m[35m (0.3ms)[0m  [1m[35mBEGIN[0m
  ↳ /Users/mojave-vm/.rvm/rubies/ruby-2.7.0/lib/ruby/gems/2.7.0/gems/rake-13.0.1/lib/rake/task.rb:281
  [1m[35m (14.9ms)[0m  [1m[35mCREATE TABLE "users" ("id" bigserial primary key, "email" text, "password_digest" character varying, "profile_image" text, "nickname" text, "created_at" timestamp NOT NULL, "updated_at" timestamp NOT NULL)[0m
  ↳ db/migrate/20200319072902_create_users.rb:3
  [1m[36mActiveRecord::SchemaMigration Create (0.6ms)[0m  [1m[32mINSERT INTO "schema_migrations" ("version") VALUES ($1) RETURNING "version"[0m  [["version", "20200319072902"]]
  ↳ /Users/mojave-vm/.rvm/rubies/ruby-2.7.0/lib/ruby/gems/2.7.0/gems/rake-13.0.1/lib/rake/task.rb:281
  [1m[35m (0.8ms)[0m  [1m[35mCOMMIT[0m
  ↳ /Users/mojave-vm/.rvm/rubies/ruby-2.7.0/lib/ruby/gems/2.7.0/gems/rake-13.0.1/lib/rake/task.rb:281
  [1m[36mActiveRecord::InternalMetadata Load (0.7ms)[0m  [1m[34mSELECT  "ar_internal_metadata".* FROM "ar_internal_metadata" WHERE "ar_internal_metadata"."key" = $1 LIMIT $2[0m  [["key", "environment"], ["LIMIT", 1]]
  ↳ /Users/mojave-vm/.rvm/rubies/ruby-2.7.0/lib/ruby/gems/2.7.0/gems/rake-13.0.1/lib/rake/task.rb:281
  [1m[35m (0.2ms)[0m  [1m[35mBEGIN[0m
  ↳ /Users/mojave-vm/.rvm/rubies/ruby-2.7.0/lib/ruby/gems/2.7.0/gems/rake-13.0.1/lib/rake/task.rb:281
  [1m[35m (0.3ms)[0m  [1m[35mCOMMIT[0m
  ↳ /Users/mojave-vm/.rvm/rubies/ruby-2.7.0/lib/ruby/gems/2.7.0/gems/rake-13.0.1/lib/rake/task.rb:281
  [1m[35m (0.7ms)[0m  [1m[34mSELECT pg_advisory_unlock(8258345215367772105)[0m
  ↳ /Users/mojave-vm/.rvm/rubies/ruby-2.7.0/lib/ruby/gems/2.7.0/gems/rake-13.0.1/lib/rake/task.rb:281
  [1m[35m (0.4ms)[0m  [1m[34mSELECT "schema_migrations"."version" FROM "schema_migrations" ORDER BY "schema_migrations"."version" ASC[0m
  ↳ /Users/mojave-vm/.rvm/rubies/ruby-2.7.0/lib/ruby/gems/2.7.0/gems/rake-13.0.1/lib/rake/task.rb:281
  [1m[35m (1.0ms)[0m  [1m[34mSELECT "schema_migrations"."version" FROM "schema_migrations" ORDER BY "schema_migrations"."version" ASC[0m
  ↳ /Users/mojave-vm/.rvm/rubies/ruby-2.7.0/lib/ruby/gems/2.7.0/gems/rake-13.0.1/lib/rake/task.rb:281
  [1m[36mFighter Load (0.8ms)[0m  [1m[34mSELECT "fighters".* FROM "fighters"[0m
  ↳ db/seeds.rb:1
  [1m[35m (0.3ms)[0m  [1m[35mBEGIN[0m
  ↳ db/seeds.rb:3
  [1m[36mFighter Create (1.0ms)[0m  [1m[32mINSERT INTO "fighters" ("name", "stock_symbol", "availability", "image", "final_smash", "created_at", "updated_at", "franchise") VALUES ($1, $2, $3, $4, $5, $6, $7, $8) RETURNING "id"[0m  [["name", "Wolf"], ["stock_symbol", "/assets/wolf_stock.png"], ["availability", "Unlockable"], ["image", "/assets/wolf_fullbody.png"], ["final_smash", "/assets/wolf_final.gif"], ["created_at", "2020-03-19 07:56:40.092061"], ["updated_at", "2020-03-19 07:56:40.092061"], ["franchise", "Starfox"]]
  ↳ db/seeds.rb:3
  [1m[35m (0.6ms)[0m  [1m[35mCOMMIT[0m
  ↳ db/seeds.rb:3
  [1m[35m (0.2ms)[0m  [1m[35mBEGIN[0m
  ↳ db/seeds.rb:12
  [1m[36mFighter Create (0.5ms)[0m  [1m[32mINSERT INTO "fighters" ("name", "stock_symbol", "availability", "image", "final_smash", "created_at", "updated_at", "franchise") VALUES ($1, $2, $3, $4, $5, $6, $7, $8) RETURNING "id"[0m  [["name", "Toon Link"], ["stock_symbol", "/assets/toonlink_stock.png"], ["availability", "Unlockable"], ["image", "/assets/toonlink_fullbody.png"], ["final_smash", "/assets/toonlink_final.gif"], ["created_at", "2020-03-19 07:56:40.096048"], ["updated_at", "2020-03-19 07:56:40.096048"], ["franchise", "Legend of Zelda"]]
  ↳ db/seeds.rb:12
  [1m[35m (0.7ms)[0m  [1m[35mCOMMIT[0m
  ↳ db/seeds.rb:12
  [1m[35m (0.4ms)[0m  [1m[35mBEGIN[0m
  ↳ db/seeds.rb:21
  [1m[36mFighter Create (0.5ms)[0m  [1m[32mINSERT INTO "fighters" ("name", "stock_symbol", "availability", "image", "final_smash", "created_at", "updated_at", "franchise") VALUES ($1, $2, $3, $4, $5, $6, $7, $8) RETURNING "id"[0m  [["name", "Lucina"], ["stock_symbol", "/assets/lucina_stock.png"], ["availability", "Unlockable"], ["image", "/assets/lucina_fullbody.png"], ["final_smash", "/assets/lucina_final.gif"], ["created_at", "2020-03-19 07:56:40.099464"], ["updated_at", "2020-03-19 07:56:40.099464"], ["franchise", "Fire Emblem"]]
  ↳ db/seeds.rb:21
  [1m[35m (0.6ms)[0m  [1m[35mCOMMIT[0m
  ↳ db/seeds.rb:21
  [1m[35m (0.3ms)[0m  [1m[35mBEGIN[0m
  ↳ db/seeds.rb:30
  [1m[36mFighter Create (0.6ms)[0m  [1m[32mINSERT INTO "fighters" ("name", "stock_symbol", "availability", "image", "final_smash", "created_at", "updated_at", "franchise") VALUES ($1, $2, $3, $4, $5, $6, $7, $8) RETURNING "id"[0m  [["name", "Peach"], ["stock_symbol", "/assets/peach_stock.png"], ["availability", "Unlockable"], ["image", "/assets/peach_fullbody.png"], ["final_smash", "/assets/peach_final.gif"], ["created_at", "2020-03-19 07:56:40.102675"], ["updated_at", "2020-03-19 07:56:40.102675"], ["franchise", "Super Mario"]]
  ↳ db/seeds.rb:30
  [1m[35m (0.5ms)[0m  [1m[35mCOMMIT[0m
  ↳ db/seeds.rb:30
  [1m[35m (0.2ms)[0m  [1m[35mBEGIN[0m
  ↳ db/seeds.rb:39
  [1m[36mFighter Create (0.6ms)[0m  [1m[32mINSERT INTO "fighters" ("name", "stock_symbol", "availability", "image", "final_smash", "created_at", "updated_at", "franchise") VALUES ($1, $2, $3, $4, $5, $6, $7, $8) RETURNING "id"[0m  [["name", "Pikachu"], ["stock_symbol", "/assets/pikachu_stock.png"], ["availability", "Unlockable"], ["image", "/assets/pikachu_fullbody.png"], ["final_smash", "/assets/pikachu_final.gif"], ["created_at", "2020-03-19 07:56:40.105860"], ["updated_at", "2020-03-19 07:56:40.105860"], ["franchise", "Pokemon"]]
  ↳ db/seeds.rb:39
  [1m[35m (0.6ms)[0m  [1m[35mCOMMIT[0m
  ↳ db/seeds.rb:39
  [1m[35m (1.9ms)[0m  [1m[34mSELECT COUNT(*) FROM "fighters"[0m
  ↳ db/seeds.rb:48
  [1m[36mSpecial Load (0.8ms)[0m  [1m[34mSELECT "specials".* FROM "specials"[0m
  ↳ db/seeds.rb:51
  [1m[35m (0.2ms)[0m  [1m[35mBEGIN[0m
  ↳ db/seeds.rb:54
  [1m[36mSpecial Create (0.8ms)[0m  [1m[32mINSERT INTO "specials" ("name", "input_direction", "attack_type", "damage_dealt", "preview", "created_at", "updated_at") VALUES ($1, $2, $3, $4, $5, $6, $7) RETURNING "id"[0m  [["name", "Blaster"], ["input_direction", "Neutral"], ["attack_type", "Projectile"], ["damage_dealt", "7% (base)"], ["preview", "/assets/wolf_neutralb.gif"], ["created_at", "2020-03-19 07:56:40.130325"], ["updated_at", "2020-03-19 07:56:40.130325"]]
  ↳ db/seeds.rb:54
  [1m[35m (0.8ms)[0m  [1m[35mCOMMIT[0m
  ↳ db/seeds.rb:54
  [1m[35m (0.4ms)[0m  [1m[35mBEGIN[0m
  ↳ db/seeds.rb:62
  [1m[36mSpecial Create (0.6ms)[0m  [1m[32mINSERT INTO "specials" ("name", "input_direction", "attack_type", "damage_dealt", "preview", "created_at", "updated_at") VALUES ($1, $2, $3, $4, $5, $6, $7) RETURNING "id"[0m  [["name", "Wolf Flash"], ["input_direction", "Side"], ["attack_type", "Melee/ Recovery"], ["damage_dealt", "3%-15% (base)"], ["preview", "/assets/wolf_sideb.gif"], ["created_at", "2020-03-19 07:56:40.134650"], ["updated_at", "2020-03-19 07:56:40.134650"]]
  ↳ db/seeds.rb:62
  [1m[35m (0.6ms)[0m  [1m[35mCOMMIT[0m
  ↳ db/seeds.rb:62
  [1m[35m (0.2ms)[0m  [1m[35mBEGIN[0m
  ↳ db/seeds.rb:70
  [1m[36mSpecial Create (0.5ms)[0m  [1m[32mINSERT INTO "specials" ("name", "input_direction", "attack_type", "damage_dealt", "preview", "created_at", "updated_at") VALUES ($1, $2, $3, $4, $5, $6, $7) RETURNING "id"[0m  [["name", "Fire Wolf"], ["input_direction", "Up"], ["attack_type", "Melee/ Recovery"], ["damage_dealt", "11.5% (base)"], ["preview", "/assets/wolf_upb.gif"], ["created_at", "2020-03-19 07:56:40.138364"], ["updated_at", "2020-03-19 07:56:40.138364"]]
  ↳ db/seeds.rb:70
  [1m[35m (0.6ms)[0m  [1m[35mCOMMIT[0m
  ↳ db/seeds.rb:70
  [1m[35m (0.4ms)[0m  [1m[35mBEGIN[0m
  ↳ db/seeds.rb:78
  [1m[36mSpecial Create (0.5ms)[0m  [1m[32mINSERT INTO "specials" ("name", "input_direction", "attack_type", "damage_dealt", "preview", "created_at", "updated_at") VALUES ($1, $2, $3, $4, $5, $6, $7) RETURNING "id"[0m  [["name", "Reflector"], ["input_direction", "Down"], ["attack_type", "Melee/ Reflector"], ["damage_dealt", "4% (base)"], ["preview", "/assets/wolf_downb.gif"], ["created_at", "2020-03-19 07:56:40.141945"], ["updated_at", "2020-03-19 07:56:40.141945"]]
  ↳ db/seeds.rb:78
  [1m[35m (0.5ms)[0m  [1m[35mCOMMIT[0m
  ↳ db/seeds.rb:78
  [1m[35m (0.4ms)[0m  [1m[35mBEGIN[0m
  ↳ db/seeds.rb:86
  [1m[36mSpecial Update (1.3ms)[0m  [1m[33mUPDATE "specials" SET "fighter_id" = $1, "updated_at" = $2 WHERE "specials"."id" = $3[0m  [["fighter_id", 1], ["updated_at", "2020-03-19 07:56:40.166195"], ["id", 1]]
  ↳ db/seeds.rb:86
  [1m[35m (0.6ms)[0m  [1m[35mCOMMIT[0m
  ↳ db/seeds.rb:86
  [1m[35m (0.3ms)[0m  [1m[35mBEGIN[0m
  ↳ db/seeds.rb:86
  [1m[36mSpecial Update (0.6ms)[0m  [1m[33mUPDATE "specials" SET "fighter_id" = $1, "updated_at" = $2 WHERE "specials"."id" = $3[0m  [["fighter_id", 1], ["updated_at", "2020-03-19 07:56:40.171201"], ["id", 2]]
  ↳ db/seeds.rb:86
  [1m[35m (0.6ms)[0m  [1m[35mCOMMIT[0m
  ↳ db/seeds.rb:86
  [1m[35m (0.2ms)[0m  [1m[35mBEGIN[0m
  ↳ db/seeds.rb:86
  [1m[36mSpecial Update (0.5ms)[0m  [1m[33mUPDATE "specials" SET "fighter_id" = $1, "updated_at" = $2 WHERE "specials"."id" = $3[0m  [["fighter_id", 1], ["updated_at", "2020-03-19 07:56:40.174467"], ["id", 3]]
  ↳ db/seeds.rb:86
  [1m[35m (0.5ms)[0m  [1m[35mCOMMIT[0m
  ↳ db/seeds.rb:86
  [1m[35m (0.2ms)[0m  [1m[35mBEGIN[0m
  ↳ db/seeds.rb:86
  [1m[36mSpecial Update (0.5ms)[0m  [1m[33mUPDATE "specials" SET "fighter_id" = $1, "updated_at" = $2 WHERE "specials"."id" = $3[0m  [["fighter_id", 1], ["updated_at", "2020-03-19 07:56:40.177443"], ["id", 4]]
  ↳ db/seeds.rb:86
  [1m[35m (0.5ms)[0m  [1m[35mCOMMIT[0m
  ↳ db/seeds.rb:86
  [1m[35m (0.2ms)[0m  [1m[35mBEGIN[0m
  ↳ db/seeds.rb:89
  [1m[36mSpecial Create (0.5ms)[0m  [1m[32mINSERT INTO "specials" ("name", "input_direction", "attack_type", "damage_dealt", "preview", "created_at", "updated_at") VALUES ($1, $2, $3, $4, $5, $6, $7) RETURNING "id"[0m  [["name", "Hero's Bow"], ["input_direction", "Neutral"], ["attack_type", "Projectile"], ["damage_dealt", "4-12% (base)"], ["preview", "/assets/toonlink_neutralb.gif"], ["created_at", "2020-03-19 07:56:40.180379"], ["updated_at", "2020-03-19 07:56:40.180379"]]
  ↳ db/seeds.rb:89
  [1m[35m (0.6ms)[0m  [1m[35mCOMMIT[0m
  ↳ db/seeds.rb:89
  [1m[35m (0.2ms)[0m  [1m[35mBEGIN[0m
  ↳ db/seeds.rb:97
  [1m[36mSpecial Create (0.5ms)[0m  [1m[32mINSERT INTO "specials" ("name", "input_direction", "attack_type", "damage_dealt", "preview", "created_at", "updated_at") VALUES ($1, $2, $3, $4, $5, $6, $7) RETURNING "id"[0m  [["name", "Boomerang"], ["input_direction", "Side"], ["attack_type", "Projectile"], ["damage_dealt", "3-9.6% (base)"], ["preview", "/assets/toonlink_sideb.gif"], ["created_at", "2020-03-19 07:56:40.183451"], ["updated_at", "2020-03-19 07:56:40.183451"]]
  ↳ db/seeds.rb:97
  [1m[35m (5.1ms)[0m  [1m[35mCOMMIT[0m
  ↳ db/seeds.rb:97
  [1m[35m (0.3ms)[0m  [1m[35mBEGIN[0m
  ↳ db/seeds.rb:105
  [1m[36mSpecial Create (0.6ms)[0m  [1m[32mINSERT INTO "specials" ("name", "input_direction", "attack_type", "damage_dealt", "preview", "created_at", "updated_at") VALUES ($1, $2, $3, $4, $5, $6, $7) RETURNING "id"[0m  [["name", "Spin Attack"], ["input_direction", "Up"], ["attack_type", "Melee/ Recovery"], ["damage_dealt", "1-4% (base)"], ["preview", "/assets/toonlink_upb.gif"], ["created_at", "2020-03-19 07:56:40.191393"], ["updated_at", "2020-03-19 07:56:40.191393"]]
  ↳ db/seeds.rb:105
  [1m[35m (0.6ms)[0m  [1m[35mCOMMIT[0m
  ↳ db/seeds.rb:105
  [1m[35m (0.3ms)[0m  [1m[35mBEGIN[0m
  ↳ db/seeds.rb:113
  [1m[36mSpecial Create (0.4ms)[0m  [1m[32mINSERT INTO "specials" ("name", "input_direction", "attack_type", "damage_dealt", "preview", "created_at", "updated_at") VALUES ($1, $2, $3, $4, $5, $6, $7) RETURNING "id"[0m  [["name", "Bomb"], ["input_direction", "Down"], ["attack_type", "Projectile"], ["damage_dealt", "14% (base)"], ["preview", "/assets/toonlink_downb.gif"], ["created_at", "2020-03-19 07:56:40.194494"], ["updated_at", "2020-03-19 07:56:40.194494"]]
  ↳ db/seeds.rb:113
  [1m[35m (0.5ms)[0m  [1m[35mCOMMIT[0m
  ↳ db/seeds.rb:113
  [1m[35m (0.2ms)[0m  [1m[35mBEGIN[0m
  ↳ db/seeds.rb:121
  [1m[36mSpecial Update (0.5ms)[0m  [1m[33mUPDATE "specials" SET "fighter_id" = $1, "updated_at" = $2 WHERE "specials"."id" = $3[0m  [["fighter_id", 2], ["updated_at", "2020-03-19 07:56:40.197608"], ["id", 5]]
  ↳ db/seeds.rb:121
  [1m[35m (0.5ms)[0m  [1m[35mCOMMIT[0m
  ↳ db/seeds.rb:121
  [1m[35m (0.2ms)[0m  [1m[35mBEGIN[0m
  ↳ db/seeds.rb:121
  [1m[36mSpecial Update (0.5ms)[0m  [1m[33mUPDATE "specials" SET "fighter_id" = $1, "updated_at" = $2 WHERE "specials"."id" = $3[0m  [["fighter_id", 2], ["updated_at", "2020-03-19 07:56:40.200557"], ["id", 6]]
  ↳ db/seeds.rb:121
  [1m[35m (0.5ms)[0m  [1m[35mCOMMIT[0m
  ↳ db/seeds.rb:121
  [1m[35m (0.2ms)[0m  [1m[35mBEGIN[0m
  ↳ db/seeds.rb:121
  [1m[36mSpecial Update (0.5ms)[0m  [1m[33mUPDATE "specials" SET "fighter_id" = $1, "updated_at" = $2 WHERE "specials"."id" = $3[0m  [["fighter_id", 2], ["updated_at", "2020-03-19 07:56:40.203430"], ["id", 7]]
  ↳ db/seeds.rb:121
  [1m[35m (0.5ms)[0m  [1m[35mCOMMIT[0m
  ↳ db/seeds.rb:121
  [1m[35m (0.2ms)[0m  [1m[35mBEGIN[0m
  ↳ db/seeds.rb:121
  [1m[36mSpecial Update (0.6ms)[0m  [1m[33mUPDATE "specials" SET "fighter_id" = $1, "updated_at" = $2 WHERE "specials"."id" = $3[0m  [["fighter_id", 2], ["updated_at", "2020-03-19 07:56:40.206231"], ["id", 8]]
  ↳ db/seeds.rb:121
  [1m[35m (0.7ms)[0m  [1m[35mCOMMIT[0m
  ↳ db/seeds.rb:121
  [1m[35m (0.4ms)[0m  [1m[35mBEGIN[0m
  ↳ db/seeds.rb:124
  [1m[36mSpecial Create (0.5ms)[0m  [1m[32mINSERT INTO "specials" ("name", "input_direction", "attack_type", "damage_dealt", "preview", "created_at", "updated_at") VALUES ($1, $2, $3, $4, $5, $6, $7) RETURNING "id"[0m  [["name", "Shieldbreaker"], ["input_direction", "Neutral"], ["attack_type", "Melee"], ["damage_dealt", "8.5-23% (base)"], ["preview", "/assets/lucina_neutralb.gif"], ["created_at", "2020-03-19 07:56:40.209795"], ["updated_at", "2020-03-19 07:56:40.209795"]]
  ↳ db/seeds.rb:124
  [1m[35m (0.6ms)[0m  [1m[35mCOMMIT[0m
  ↳ db/seeds.rb:124
  [1m[35m (0.2ms)[0m  [1m[35mBEGIN[0m
  ↳ db/seeds.rb:132
  [1m[36mSpecial Create (0.5ms)[0m  [1m[32mINSERT INTO "specials" ("name", "input_direction", "attack_type", "damage_dealt", "preview", "created_at", "updated_at") VALUES ($1, $2, $3, $4, $5, $6, $7) RETURNING "id"[0m  [["name", "Dancing Blade"], ["input_direction", "Side"], ["attack_type", "Melee"], ["damage_dealt", "2-5.6% (base)"], ["preview", "/assets/lucina_sideb.gif"], ["created_at", "2020-03-19 07:56:40.212882"], ["updated_at", "2020-03-19 07:56:40.212882"]]
  ↳ db/seeds.rb:132
  [1m[35m (0.4ms)[0m  [1m[35mCOMMIT[0m
  ↳ db/seeds.rb:132
  [1m[35m (0.3ms)[0m  [1m[35mBEGIN[0m
  ↳ db/seeds.rb:140
  [1m[36mSpecial Create (0.6ms)[0m  [1m[32mINSERT INTO "specials" ("name", "input_direction", "attack_type", "damage_dealt", "preview", "created_at", "updated_at") VALUES ($1, $2, $3, $4, $5, $6, $7) RETURNING "id"[0m  [["name", "Dolphin Slash"], ["input_direction", "Up"], ["attack_type", "Melee/ Recovery"], ["damage_dealt", "7-11% (base)"], ["preview", "/assets/lucina_upb.gif"], ["created_at", "2020-03-19 07:56:40.216151"], ["updated_at", "2020-03-19 07:56:40.216151"]]
  ↳ db/seeds.rb:140
  [1m[35m (0.5ms)[0m  [1m[35mCOMMIT[0m
  ↳ db/seeds.rb:140
  [1m[35m (0.3ms)[0m  [1m[35mBEGIN[0m
  ↳ db/seeds.rb:148
  [1m[36mSpecial Create (0.5ms)[0m  [1m[32mINSERT INTO "specials" ("name", "input_direction", "attack_type", "damage_dealt", "preview", "created_at", "updated_at") VALUES ($1, $2, $3, $4, $5, $6, $7) RETURNING "id"[0m  [["name", "Counter"], ["input_direction", "Down"], ["attack_type", "Counter"], ["damage_dealt", "Varies"], ["preview", "/assets/lucina_downb.gif"], ["created_at", "2020-03-19 07:56:40.219383"], ["updated_at", "2020-03-19 07:56:40.219383"]]
  ↳ db/seeds.rb:148
  [1m[35m (0.5ms)[0m  [1m[35mCOMMIT[0m
  ↳ db/seeds.rb:148
  [1m[35m (0.2ms)[0m  [1m[35mBEGIN[0m
  ↳ db/seeds.rb:156
  [1m[36mSpecial Update (0.4ms)[0m  [1m[33mUPDATE "specials" SET "fighter_id" = $1, "updated_at" = $2 WHERE "specials"."id" = $3[0m  [["fighter_id", 3], ["updated_at", "2020-03-19 07:56:40.222623"], ["id", 9]]
  ↳ db/seeds.rb:156
  [1m[35m (0.6ms)[0m  [1m[35mCOMMIT[0m
  ↳ db/seeds.rb:156
  [1m[35m (0.2ms)[0m  [1m[35mBEGIN[0m
  ↳ db/seeds.rb:156
  [1m[36mSpecial Update (0.5ms)[0m  [1m[33mUPDATE "specials" SET "fighter_id" = $1, "updated_at" = $2 WHERE "specials"."id" = $3[0m  [["fighter_id", 3], ["updated_at", "2020-03-19 07:56:40.225722"], ["id", 10]]
  ↳ db/seeds.rb:156
  [1m[35m (0.5ms)[0m  [1m[35mCOMMIT[0m
  ↳ db/seeds.rb:156
  [1m[35m (0.3ms)[0m  [1m[35mBEGIN[0m
  ↳ db/seeds.rb:156
  [1m[36mSpecial Update (1.2ms)[0m  [1m[33mUPDATE "specials" SET "fighter_id" = $1, "updated_at" = $2 WHERE "specials"."id" = $3[0m  [["fighter_id", 3], ["updated_at", "2020-03-19 07:56:40.228943"], ["id", 11]]
  ↳ db/seeds.rb:156
  [1m[35m (1.2ms)[0m  [1m[35mCOMMIT[0m
  ↳ db/seeds.rb:156
  [1m[35m (0.2ms)[0m  [1m[35mBEGIN[0m
  ↳ db/seeds.rb:156
  [1m[36mSpecial Update (0.8ms)[0m  [1m[33mUPDATE "specials" SET "fighter_id" = $1, "updated_at" = $2 WHERE "specials"."id" = $3[0m  [["fighter_id", 3], ["updated_at", "2020-03-19 07:56:40.234700"], ["id", 12]]
  ↳ db/seeds.rb:156
  [1m[35m (0.9ms)[0m  [1m[35mCOMMIT[0m
  ↳ db/seeds.rb:156
  [1m[35m (1.1ms)[0m  [1m[35mBEGIN[0m
  ↳ db/seeds.rb:159
  [1m[36mSpecial Create (1.1ms)[0m  [1m[32mINSERT INTO "specials" ("name", "input_direction", "attack_type", "damage_dealt", "preview", "created_at", "updated_at") VALUES ($1, $2, $3, $4, $5, $6, $7) RETURNING "id"[0m  [["name", "Toad"], ["input_direction", "Neutral"], ["attack_type", "Counter"], ["damage_dealt", "Varies"], ["preview", "/assets/peach_neutralb.gif"], ["created_at", "2020-03-19 07:56:40.239052"], ["updated_at", "2020-03-19 07:56:40.239052"]]
  ↳ db/seeds.rb:159
  [1m[35m (1.2ms)[0m  [1m[35mCOMMIT[0m
  ↳ db/seeds.rb:159
  [1m[35m (0.2ms)[0m  [1m[35mBEGIN[0m
  ↳ db/seeds.rb:167
  [1m[36mSpecial Create (1.2ms)[0m  [1m[32mINSERT INTO "specials" ("name", "input_direction", "attack_type", "damage_dealt", "preview", "created_at", "updated_at") VALUES ($1, $2, $3, $4, $5, $6, $7) RETURNING "id"[0m  [["name", "Peach Bomber"], ["input_direction", "Side"], ["attack_type", "Melee"], ["damage_dealt", "12% (base)"], ["preview", "/assets/peach_sideb.gif"], ["created_at", "2020-03-19 07:56:40.243943"], ["updated_at", "2020-03-19 07:56:40.243943"]]
  ↳ db/seeds.rb:167
  [1m[35m (1.1ms)[0m  [1m[35mCOMMIT[0m
  ↳ db/seeds.rb:167
  [1m[35m (0.3ms)[0m  [1m[35mBEGIN[0m
  ↳ db/seeds.rb:175
  [1m[36mSpecial Create (0.9ms)[0m  [1m[32mINSERT INTO "specials" ("name", "input_direction", "attack_type", "damage_dealt", "preview", "created_at", "updated_at") VALUES ($1, $2, $3, $4, $5, $6, $7) RETURNING "id"[0m  [["name", "Peach Parasol"], ["input_direction", "Up"], ["attack_type", "Melee/ Recovery"], ["damage_dealt", "1-4% (base)"], ["preview", "/assets/peach_upb.gif"], ["created_at", "2020-03-19 07:56:40.248771"], ["updated_at", "2020-03-19 07:56:40.248771"]]
  ↳ db/seeds.rb:175
  [1m[35m (1.1ms)[0m  [1m[35mCOMMIT[0m
  ↳ db/seeds.rb:175
  [1m[35m (0.2ms)[0m  [1m[35mBEGIN[0m
  ↳ db/seeds.rb:183
  [1m[36mSpecial Create (1.0ms)[0m  [1m[32mINSERT INTO "specials" ("name", "input_direction", "attack_type", "damage_dealt", "preview", "created_at", "updated_at") VALUES ($1, $2, $3, $4, $5, $6, $7) RETURNING "id"[0m  [["name", "Vegetable"], ["input_direction", "Down"], ["attack_type", "Projectile"], ["damage_dealt", "Varies (based on Turnip type)"], ["preview", "/assets/peach_downb.gif"], ["created_at", "2020-03-19 07:56:40.252692"], ["updated_at", "2020-03-19 07:56:40.252692"]]
  ↳ db/seeds.rb:183
  [1m[35m (1.1ms)[0m  [1m[35mCOMMIT[0m
  ↳ db/seeds.rb:183
  [1m[35m (0.2ms)[0m  [1m[35mBEGIN[0m
  ↳ db/seeds.rb:191
  [1m[36mSpecial Update (1.1ms)[0m  [1m[33mUPDATE "specials" SET "fighter_id" = $1, "updated_at" = $2 WHERE "specials"."id" = $3[0m  [["fighter_id", 4], ["updated_at", "2020-03-19 07:56:40.258188"], ["id", 13]]
  ↳ db/seeds.rb:191
  [1m[35m (1.0ms)[0m  [1m[35mCOMMIT[0m
  ↳ db/seeds.rb:191
  [1m[35m (0.3ms)[0m  [1m[35mBEGIN[0m
  ↳ db/seeds.rb:191
  [1m[36mSpecial Update (1.2ms)[0m  [1m[33mUPDATE "specials" SET "fighter_id" = $1, "updated_at" = $2 WHERE "specials"."id" = $3[0m  [["fighter_id", 4], ["updated_at", "2020-03-19 07:56:40.262806"], ["id", 14]]
  ↳ db/seeds.rb:191
  [1m[35m (1.0ms)[0m  [1m[35mCOMMIT[0m
  ↳ db/seeds.rb:191
  [1m[35m (0.2ms)[0m  [1m[35mBEGIN[0m
  ↳ db/seeds.rb:191
  [1m[36mSpecial Update (1.2ms)[0m  [1m[33mUPDATE "specials" SET "fighter_id" = $1, "updated_at" = $2 WHERE "specials"."id" = $3[0m  [["fighter_id", 4], ["updated_at", "2020-03-19 07:56:40.266707"], ["id", 15]]
  ↳ db/seeds.rb:191
  [1m[35m (1.1ms)[0m  [1m[35mCOMMIT[0m
  ↳ db/seeds.rb:191
  [1m[35m (0.2ms)[0m  [1m[35mBEGIN[0m
  ↳ db/seeds.rb:191
  [1m[36mSpecial Update (0.7ms)[0m  [1m[33mUPDATE "specials" SET "fighter_id" = $1, "updated_at" = $2 WHERE "specials"."id" = $3[0m  [["fighter_id", 4], ["updated_at", "2020-03-19 07:56:40.272132"], ["id", 16]]
  ↳ db/seeds.rb:191
  [1m[35m (0.5ms)[0m  [1m[35mCOMMIT[0m
  ↳ db/seeds.rb:191
  [1m[35m (0.9ms)[0m  [1m[35mBEGIN[0m
  ↳ db/seeds.rb:194
  [1m[36mSpecial Create (0.7ms)[0m  [1m[32mINSERT INTO "specials" ("name", "input_direction", "attack_type", "damage_dealt", "preview", "created_at", "updated_at") VALUES ($1, $2, $3, $4, $5, $6, $7) RETURNING "id"[0m  [["name", "Thunder Jolt"], ["input_direction", "Neutral"], ["attack_type", "Projectile"], ["damage_dealt", "5% (base)"], ["preview", "/assets/pikachu_neutralb.gif"], ["created_at", "2020-03-19 07:56:40.275640"], ["updated_at", "2020-03-19 07:56:40.275640"]]
  ↳ db/seeds.rb:194
  [1m[35m (0.7ms)[0m  [1m[35mCOMMIT[0m
  ↳ db/seeds.rb:194
  [1m[35m (0.2ms)[0m  [1m[35mBEGIN[0m
  ↳ db/seeds.rb:202
  [1m[36mSpecial Create (1.3ms)[0m  [1m[32mINSERT INTO "specials" ("name", "input_direction", "attack_type", "damage_dealt", "preview", "created_at", "updated_at") VALUES ($1, $2, $3, $4, $5, $6, $7) RETURNING "id"[0m  [["name", "Skull Bash"], ["input_direction", "Side"], ["attack_type", "Melee/ Recovery"], ["damage_dealt", "8% (base)"], ["preview", "/assets/pikachu_sideb.gif"], ["created_at", "2020-03-19 07:56:40.279831"], ["updated_at", "2020-03-19 07:56:40.279831"]]
  ↳ db/seeds.rb:202
  [1m[35m (1.1ms)[0m  [1m[35mCOMMIT[0m
  ↳ db/seeds.rb:202
  [1m[35m (0.3ms)[0m  [1m[35mBEGIN[0m
  ↳ db/seeds.rb:210
  [1m[36mSpecial Create (1.3ms)[0m  [1m[32mINSERT INTO "specials" ("name", "input_direction", "attack_type", "damage_dealt", "preview", "created_at", "updated_at") VALUES ($1, $2, $3, $4, $5, $6, $7) RETURNING "id"[0m  [["name", "Quick Attack"], ["input_direction", "Up"], ["attack_type", "Melee/ Recovery"], ["damage_dealt", "2% (base)"], ["preview", "/assets/pikachu_upb.gif"], ["created_at", "2020-03-19 07:56:40.284777"], ["updated_at", "2020-03-19 07:56:40.284777"]]
  ↳ db/seeds.rb:210
  [1m[35m (1.2ms)[0m  [1m[35mCOMMIT[0m
  ↳ db/seeds.rb:210
  [1m[35m (0.2ms)[0m  [1m[35mBEGIN[0m
  ↳ db/seeds.rb:218
  [1m[36mSpecial Create (0.9ms)[0m  [1m[32mINSERT INTO "specials" ("name", "input_direction", "attack_type", "damage_dealt", "preview", "created_at", "updated_at") VALUES ($1, $2, $3, $4, $5, $6, $7) RETURNING "id"[0m  [["name", "Thunder"], ["input_direction", "Down"], ["attack_type", "Projectile/ Melee"], ["damage_dealt", "12% (base)"], ["preview", "/assets/pikachu_downb.gif"], ["created_at", "2020-03-19 07:56:40.289718"], ["updated_at", "2020-03-19 07:56:40.289718"]]
  ↳ db/seeds.rb:218
  [1m[35m (0.8ms)[0m  [1m[35mCOMMIT[0m
  ↳ db/seeds.rb:218
  [1m[35m (0.2ms)[0m  [1m[35mBEGIN[0m
  ↳ db/seeds.rb:226
  [1m[36mSpecial Update (1.2ms)[0m  [1m[33mUPDATE "specials" SET "fighter_id" = $1, "updated_at" = $2 WHERE "specials"."id" = $3[0m  [["fighter_id", 5], ["updated_at", "2020-03-19 07:56:40.294106"], ["id", 17]]
  ↳ db/seeds.rb:226
  [1m[35m (0.9ms)[0m  [1m[35mCOMMIT[0m
  ↳ db/seeds.rb:226
  [1m[35m (0.2ms)[0m  [1m[35mBEGIN[0m
  ↳ db/seeds.rb:226
  [1m[36mSpecial Update (5.0ms)[0m  [1m[33mUPDATE "specials" SET "fighter_id" = $1, "updated_at" = $2 WHERE "specials"."id" = $3[0m  [["fighter_id", 5], ["updated_at", "2020-03-19 07:56:40.298728"], ["id", 18]]
  ↳ db/seeds.rb:226
  [1m[35m (0.5ms)[0m  [1m[35mCOMMIT[0m
  ↳ db/seeds.rb:226
  [1m[35m (0.3ms)[0m  [1m[35mBEGIN[0m
  ↳ db/seeds.rb:226
  [1m[36mSpecial Update (0.5ms)[0m  [1m[33mUPDATE "specials" SET "fighter_id" = $1, "updated_at" = $2 WHERE "specials"."id" = $3[0m  [["fighter_id", 5], ["updated_at", "2020-03-19 07:56:40.306501"], ["id", 19]]
  ↳ db/seeds.rb:226
  [1m[35m (0.5ms)[0m  [1m[35mCOMMIT[0m
  ↳ db/seeds.rb:226
  [1m[35m (0.3ms)[0m  [1m[35mBEGIN[0m
  ↳ db/seeds.rb:226
  [1m[36mSpecial Update (0.4ms)[0m  [1m[33mUPDATE "specials" SET "fighter_id" = $1, "updated_at" = $2 WHERE "specials"."id" = $3[0m  [["fighter_id", 5], ["updated_at", "2020-03-19 07:56:40.309564"], ["id", 20]]
  ↳ db/seeds.rb:226
  [1m[35m (0.5ms)[0m  [1m[35mCOMMIT[0m
  ↳ db/seeds.rb:226
  [1m[35m (0.4ms)[0m  [1m[34mSELECT COUNT(*) FROM "specials"[0m
  ↳ db/seeds.rb:228
  [1m[36mGame Load (0.9ms)[0m  [1m[34mSELECT "games".* FROM "games"[0m
  ↳ db/seeds.rb:231
  [1m[35m (0.3ms)[0m  [1m[35mBEGIN[0m
  ↳ db/seeds.rb:233
  [1m[36mGame Create (1.0ms)[0m  [1m[32mINSERT INTO "games" ("name", "release_date", "patch_version", "image", "created_at", "updated_at") VALUES ($1, $2, $3, $4, $5, $6) RETURNING "id"[0m  [["name", "Smash 64"], ["release_date", "1999-01-21"], ["patch_version", "N/A"], ["image", "/assets/smash64_logo.jpg"], ["created_at", "2020-03-19 07:56:40.327257"], ["updated_at", "2020-03-19 07:56:40.327257"]]
  ↳ db/seeds.rb:233
  [1m[35m (0.7ms)[0m  [1m[35mCOMMIT[0m
  ↳ db/seeds.rb:233
  [1m[35m (0.3ms)[0m  [1m[35mBEGIN[0m
  ↳ db/seeds.rb:240
  [1m[36mGame Create (0.6ms)[0m  [1m[32mINSERT INTO "games" ("name", "release_date", "patch_version", "image", "created_at", "updated_at") VALUES ($1, $2, $3, $4, $5, $6) RETURNING "id"[0m  [["name", "Melee"], ["release_date", "2001-11-21"], ["patch_version", "N/A"], ["image", "/assets/melee_logo.jpg"], ["created_at", "2020-03-19 07:56:40.332900"], ["updated_at", "2020-03-19 07:56:40.332900"]]
  ↳ db/seeds.rb:240
  [1m[35m (0.5ms)[0m  [1m[35mCOMMIT[0m
  ↳ db/seeds.rb:240
  [1m[35m (0.2ms)[0m  [1m[35mBEGIN[0m
  ↳ db/seeds.rb:247
  [1m[36mGame Create (0.4ms)[0m  [1m[32mINSERT INTO "games" ("name", "release_date", "patch_version", "image", "created_at", "updated_at") VALUES ($1, $2, $3, $4, $5, $6) RETURNING "id"[0m  [["name", "Brawl"], ["release_date", "2008-01-31"], ["patch_version", "N/A"], ["image", "/assets/brawl_logo.png"], ["created_at", "2020-03-19 07:56:40.335855"], ["updated_at", "2020-03-19 07:56:40.335855"]]
  ↳ db/seeds.rb:247
  [1m[35m (0.5ms)[0m  [1m[35mCOMMIT[0m
  ↳ db/seeds.rb:247
  [1m[35m (0.2ms)[0m  [1m[35mBEGIN[0m
  ↳ db/seeds.rb:254
  [1m[36mGame Create (0.6ms)[0m  [1m[32mINSERT INTO "games" ("name", "release_date", "patch_version", "image", "created_at", "updated_at") VALUES ($1, $2, $3, $4, $5, $6) RETURNING "id"[0m  [["name", "Smash4"], ["release_date", "2014-09-13"], ["patch_version", "1.1.7"], ["image", "/assets/wiiu_logo.png"], ["created_at", "2020-03-19 07:56:40.338677"], ["updated_at", "2020-03-19 07:56:40.338677"]]
  ↳ db/seeds.rb:254
  [1m[35m (0.5ms)[0m  [1m[35mCOMMIT[0m
  ↳ db/seeds.rb:254
  [1m[35m (0.2ms)[0m  [1m[35mBEGIN[0m
  ↳ db/seeds.rb:261
  [1m[36mGame Create (0.5ms)[0m  [1m[32mINSERT INTO "games" ("name", "release_date", "patch_version", "image", "created_at", "updated_at") VALUES ($1, $2, $3, $4, $5, $6) RETURNING "id"[0m  [["name", "Ultimate"], ["release_date", "2018-12-07"], ["patch_version", "7.0.0"], ["image", "/assets/ultimate_logo.png"], ["created_at", "2020-03-19 07:56:40.341533"], ["updated_at", "2020-03-19 07:56:40.341533"]]
  ↳ db/seeds.rb:261
  [1m[35m (0.4ms)[0m  [1m[35mCOMMIT[0m
  ↳ db/seeds.rb:261
  [1m[35m (0.3ms)[0m  [1m[35mBEGIN[0m
  ↳ db/seeds.rb:268
  [1m[36mFighter::HABTM_Games Create (0.8ms)[0m  [1m[32mINSERT INTO "fighters_games" ("fighter_id", "game_id") VALUES ($1, $2) RETURNING "id"[0m  [["fighter_id", 1], ["game_id", 3]]
  ↳ db/seeds.rb:268
  [1m[35m (0.7ms)[0m  [1m[35mCOMMIT[0m
  ↳ db/seeds.rb:268
  [1m[35m (0.4ms)[0m  [1m[35mBEGIN[0m
  ↳ db/seeds.rb:268
  [1m[36mFighter::HABTM_Games Create (0.5ms)[0m  [1m[32mINSERT INTO "fighters_games" ("fighter_id", "game_id") VALUES ($1, $2) RETURNING "id"[0m  [["fighter_id", 1], ["game_id", 5]]
  ↳ db/seeds.rb:268
  [1m[35m (0.6ms)[0m  [1m[35mCOMMIT[0m
  ↳ db/seeds.rb:268
  [1m[35m (0.2ms)[0m  [1m[35mBEGIN[0m
  ↳ db/seeds.rb:269
  [1m[36mFighter::HABTM_Games Create (0.4ms)[0m  [1m[32mINSERT INTO "fighters_games" ("fighter_id", "game_id") VALUES ($1, $2) RETURNING "id"[0m  [["fighter_id", 2], ["game_id", 3]]
  ↳ db/seeds.rb:269
  [1m[35m (0.6ms)[0m  [1m[35mCOMMIT[0m
  ↳ db/seeds.rb:269
  [1m[35m (0.2ms)[0m  [1m[35mBEGIN[0m
  ↳ db/seeds.rb:269
  [1m[36mFighter::HABTM_Games Create (0.4ms)[0m  [1m[32mINSERT INTO "fighters_games" ("fighter_id", "game_id") VALUES ($1, $2) RETURNING "id"[0m  [["fighter_id", 2], ["game_id", 4]]
  ↳ db/seeds.rb:269
  [1m[35m (0.5ms)[0m  [1m[35mCOMMIT[0m
  ↳ db/seeds.rb:269
  [1m[35m (0.2ms)[0m  [1m[35mBEGIN[0m
  ↳ db/seeds.rb:269
  [1m[36mFighter::HABTM_Games Create (0.5ms)[0m  [1m[32mINSERT INTO "fighters_games" ("fighter_id", "game_id") VALUES ($1, $2) RETURNING "id"[0m  [["fighter_id", 2], ["game_id", 5]]
  ↳ db/seeds.rb:269
  [1m[35m (0.5ms)[0m  [1m[35mCOMMIT[0m
  ↳ db/seeds.rb:269
  [1m[35m (0.2ms)[0m  [1m[35mBEGIN[0m
  ↳ db/seeds.rb:270
  [1m[36mFighter::HABTM_Games Create (0.5ms)[0m  [1m[32mINSERT INTO "fighters_games" ("fighter_id", "game_id") VALUES ($1, $2) RETURNING "id"[0m  [["fighter_id", 3], ["game_id", 4]]
  ↳ db/seeds.rb:270
  [1m[35m (0.6ms)[0m  [1m[35mCOMMIT[0m
  ↳ db/seeds.rb:270
  [1m[35m (0.2ms)[0m  [1m[35mBEGIN[0m
  ↳ db/seeds.rb:270
  [1m[36mFighter::HABTM_Games Create (0.4ms)[0m  [1m[32mINSERT INTO "fighters_games" ("fighter_id", "game_id") VALUES ($1, $2) RETURNING "id"[0m  [["fighter_id", 3], ["game_id", 5]]
  ↳ db/seeds.rb:270
  [1m[35m (0.4ms)[0m  [1m[35mCOMMIT[0m
  ↳ db/seeds.rb:270
  [1m[35m (0.2ms)[0m  [1m[35mBEGIN[0m
  ↳ db/seeds.rb:271
  [1m[36mFighter::HABTM_Games Create (0.4ms)[0m  [1m[32mINSERT INTO "fighters_games" ("fighter_id", "game_id") VALUES ($1, $2) RETURNING "id"[0m  [["fighter_id", 4], ["game_id", 2]]
  ↳ db/seeds.rb:271
  [1m[35m (0.4ms)[0m  [1m[35mCOMMIT[0m
  ↳ db/seeds.rb:271
  [1m[35m (0.3ms)[0m  [1m[35mBEGIN[0m
  ↳ db/seeds.rb:271
  [1m[36mFighter::HABTM_Games Create (0.4ms)[0m  [1m[32mINSERT INTO "fighters_games" ("fighter_id", "game_id") VALUES ($1, $2) RETURNING "id"[0m  [["fighter_id", 4], ["game_id", 3]]
  ↳ db/seeds.rb:271
  [1m[35m (0.4ms)[0m  [1m[35mCOMMIT[0m
  ↳ db/seeds.rb:271
  [1m[35m (0.1ms)[0m  [1m[35mBEGIN[0m
  ↳ db/seeds.rb:271
  [1m[36mFighter::HABTM_Games Create (0.5ms)[0m  [1m[32mINSERT INTO "fighters_games" ("fighter_id", "game_id") VALUES ($1, $2) RETURNING "id"[0m  [["fighter_id", 4], ["game_id", 4]]
  ↳ db/seeds.rb:271
  [1m[35m (0.6ms)[0m  [1m[35mCOMMIT[0m
  ↳ db/seeds.rb:271
  [1m[35m (0.2ms)[0m  [1m[35mBEGIN[0m
  ↳ db/seeds.rb:271
  [1m[36mFighter::HABTM_Games Create (0.3ms)[0m  [1m[32mINSERT INTO "fighters_games" ("fighter_id", "game_id") VALUES ($1, $2) RETURNING "id"[0m  [["fighter_id", 4], ["game_id", 5]]
  ↳ db/seeds.rb:271
  [1m[35m (0.5ms)[0m  [1m[35mCOMMIT[0m
  ↳ db/seeds.rb:271
  [1m[35m (0.2ms)[0m  [1m[35mBEGIN[0m
  ↳ db/seeds.rb:272
  [1m[36mFighter::HABTM_Games Create (0.4ms)[0m  [1m[32mINSERT INTO "fighters_games" ("fighter_id", "game_id") VALUES ($1, $2) RETURNING "id"[0m  [["fighter_id", 5], ["game_id", 1]]
  ↳ db/seeds.rb:272
  [1m[35m (0.4ms)[0m  [1m[35mCOMMIT[0m
  ↳ db/seeds.rb:272
  [1m[35m (0.3ms)[0m  [1m[35mBEGIN[0m
  ↳ db/seeds.rb:272
  [1m[36mFighter::HABTM_Games Create (0.3ms)[0m  [1m[32mINSERT INTO "fighters_games" ("fighter_id", "game_id") VALUES ($1, $2) RETURNING "id"[0m  [["fighter_id", 5], ["game_id", 2]]
  ↳ db/seeds.rb:272
  [1m[35m (0.5ms)[0m  [1m[35mCOMMIT[0m
  ↳ db/seeds.rb:272
  [1m[35m (0.3ms)[0m  [1m[35mBEGIN[0m
  ↳ db/seeds.rb:272
  [1m[36mFighter::HABTM_Games Create (0.4ms)[0m  [1m[32mINSERT INTO "fighters_games" ("fighter_id", "game_id") VALUES ($1, $2) RETURNING "id"[0m  [["fighter_id", 5], ["game_id", 3]]
  ↳ db/seeds.rb:272
  [1m[35m (0.5ms)[0m  [1m[35mCOMMIT[0m
  ↳ db/seeds.rb:272
  [1m[35m (0.2ms)[0m  [1m[35mBEGIN[0m
  ↳ db/seeds.rb:272
  [1m[36mFighter::HABTM_Games Create (0.4ms)[0m  [1m[32mINSERT INTO "fighters_games" ("fighter_id", "game_id") VALUES ($1, $2) RETURNING "id"[0m  [["fighter_id", 5], ["game_id", 4]]
  ↳ db/seeds.rb:272
  [1m[35m (0.5ms)[0m  [1m[35mCOMMIT[0m
  ↳ db/seeds.rb:272
  [1m[35m (0.4ms)[0m  [1m[35mBEGIN[0m
  ↳ db/seeds.rb:272
  [1m[36mFighter::HABTM_Games Create (0.5ms)[0m  [1m[32mINSERT INTO "fighters_games" ("fighter_id", "game_id") VALUES ($1, $2) RETURNING "id"[0m  [["fighter_id", 5], ["game_id", 5]]
  ↳ db/seeds.rb:272
  [1m[35m (0.6ms)[0m  [1m[35mCOMMIT[0m
  ↳ db/seeds.rb:272
  [1m[35m (0.4ms)[0m  [1m[34mSELECT COUNT(*) FROM "games"[0m
  ↳ db/seeds.rb:275
Started GET "/" for ::1 at 2020-03-19 18:56:57 +1100
  [1m[35m (0.8ms)[0m  [1m[34mSELECT "schema_migrations"."version" FROM "schema_migrations" ORDER BY "schema_migrations"."version" ASC[0m
  ↳ /Users/mojave-vm/.rvm/gems/ruby-2.7.0/gems/activerecord-5.2.4.1/lib/active_record/log_subscriber.rb:98
Processing by PagesController#index as HTML
Completed 406 Not Acceptable in 0ms (ActiveRecord: 0.0ms)


  
ActionController::UnknownFormat (PagesController#index is missing a template for this request format and variant.

request.formats: ["text/html"]
request.variant: []

NOTE! For XHR/Ajax or API requests, this action would normally respond with 204 No Content: an empty white screen. Since you're loading it in a web browser, we assume that you expected to actually render a template, not nothing, so we're showing an error to be extra-clear. If you expect 204 No Content, carry on. That's what you'll get from an XHR or API request. Give it a shot.):
  
actionpack (5.2.4.1) lib/action_controller/metal/implicit_render.rb:55:in `default_render'
actionpack (5.2.4.1) lib/action_controller/metal/basic_implicit_render.rb:6:in `block in send_action'
actionpack (5.2.4.1) lib/action_controller/metal/basic_implicit_render.rb:6:in `tap'
actionpack (5.2.4.1) lib/action_controller/metal/basic_implicit_render.rb:6:in `send_action'
actionpack (5.2.4.1) lib/abstract_controller/base.rb:194:in `process_action'
actionpack (5.2.4.1) lib/action_controller/metal/rendering.rb:30:in `process_action'
actionpack (5.2.4.1) lib/abstract_controller/callbacks.rb:42:in `block in process_action'
activesupport (5.2.4.1) lib/active_support/callbacks.rb:132:in `run_callbacks'
actionpack (5.2.4.1) lib/abstract_controller/callbacks.rb:41:in `process_action'
actionpack (5.2.4.1) lib/action_controller/metal/rescue.rb:22:in `process_action'
actionpack (5.2.4.1) lib/action_controller/metal/instrumentation.rb:34:in `block in process_action'
activesupport (5.2.4.1) lib/active_support/notifications.rb:168:in `block in instrument'
activesupport (5.2.4.1) lib/active_support/notifications/instrumenter.rb:23:in `instrument'
activesupport (5.2.4.1) lib/active_support/notifications.rb:168:in `instrument'
actionpack (5.2.4.1) lib/action_controller/metal/instrumentation.rb:32:in `process_action'
actionpack (5.2.4.1) lib/action_controller/metal/params_wrapper.rb:256:in `process_action'
activerecord (5.2.4.1) lib/active_record/railties/controller_runtime.rb:24:in `process_action'
actionpack (5.2.4.1) lib/abstract_controller/base.rb:134:in `process'
actionview (5.2.4.1) lib/action_view/rendering.rb:32:in `process'
actionpack (5.2.4.1) lib/action_controller/metal.rb:191:in `dispatch'
actionpack (5.2.4.1) lib/action_controller/metal.rb:252:in `dispatch'
actionpack (5.2.4.1) lib/action_dispatch/routing/route_set.rb:52:in `dispatch'
actionpack (5.2.4.1) lib/action_dispatch/routing/route_set.rb:34:in `serve'
actionpack (5.2.4.1) lib/action_dispatch/journey/router.rb:52:in `block in serve'
actionpack (5.2.4.1) lib/action_dispatch/journey/router.rb:35:in `each'
actionpack (5.2.4.1) lib/action_dispatch/journey/router.rb:35:in `serve'
actionpack (5.2.4.1) lib/action_dispatch/routing/route_set.rb:840:in `call'
rack (2.2.2) lib/rack/tempfile_reaper.rb:15:in `call'
rack (2.2.2) lib/rack/etag.rb:27:in `call'
rack (2.2.2) lib/rack/conditional_get.rb:27:in `call'
rack (2.2.2) lib/rack/head.rb:12:in `call'
actionpack (5.2.4.1) lib/action_dispatch/http/content_security_policy.rb:18:in `call'
rack (2.2.2) lib/rack/session/abstract/id.rb:266:in `context'
rack (2.2.2) lib/rack/session/abstract/id.rb:260:in `call'
actionpack (5.2.4.1) lib/action_dispatch/middleware/cookies.rb:670:in `call'
activerecord (5.2.4.1) lib/active_record/migration.rb:559:in `call'
actionpack (5.2.4.1) lib/action_dispatch/middleware/callbacks.rb:28:in `block in call'
activesupport (5.2.4.1) lib/active_support/callbacks.rb:98:in `run_callbacks'
actionpack (5.2.4.1) lib/action_dispatch/middleware/callbacks.rb:26:in `call'
actionpack (5.2.4.1) lib/action_dispatch/middleware/executor.rb:14:in `call'
actionpack (5.2.4.1) lib/action_dispatch/middleware/debug_exceptions.rb:61:in `call'
web-console (3.7.0) lib/web_console/middleware.rb:135:in `call_app'
web-console (3.7.0) lib/web_console/middleware.rb:30:in `block in call'
web-console (3.7.0) lib/web_console/middleware.rb:20:in `catch'
web-console (3.7.0) lib/web_console/middleware.rb:20:in `call'
actionpack (5.2.4.1) lib/action_dispatch/middleware/show_exceptions.rb:33:in `call'
railties (5.2.4.1) lib/rails/rack/logger.rb:38:in `call_app'
railties (5.2.4.1) lib/rails/rack/logger.rb:26:in `block in call'
activesupport (5.2.4.1) lib/active_support/tagged_logging.rb:71:in `block in tagged'
activesupport (5.2.4.1) lib/active_support/tagged_logging.rb:28:in `tagged'
activesupport (5.2.4.1) lib/active_support/tagged_logging.rb:71:in `tagged'
railties (5.2.4.1) lib/rails/rack/logger.rb:26:in `call'
sprockets-rails (3.2.1) lib/sprockets/rails/quiet_assets.rb:13:in `call'
actionpack (5.2.4.1) lib/action_dispatch/middleware/remote_ip.rb:81:in `call'
actionpack (5.2.4.1) lib/action_dispatch/middleware/request_id.rb:27:in `call'
rack (2.2.2) lib/rack/method_override.rb:24:in `call'
rack (2.2.2) lib/rack/runtime.rb:22:in `call'
activesupport (5.2.4.1) lib/active_support/cache/strategy/local_cache_middleware.rb:29:in `call'
actionpack (5.2.4.1) lib/action_dispatch/middleware/executor.rb:14:in `call'
actionpack (5.2.4.1) lib/action_dispatch/middleware/static.rb:127:in `call'
rack (2.2.2) lib/rack/sendfile.rb:110:in `call'
railties (5.2.4.1) lib/rails/engine.rb:524:in `call'
puma (3.12.4) lib/puma/configuration.rb:227:in `call'
puma (3.12.4) lib/puma/server.rb:675:in `handle_request'
puma (3.12.4) lib/puma/server.rb:476:in `process_client'
puma (3.12.4) lib/puma/server.rb:334:in `block in run'
puma (3.12.4) lib/puma/thread_pool.rb:135:in `block in spawn_thread'
Started GET "/" for ::1 at 2020-03-19 18:58:31 +1100
Processing by PagesController#index as HTML
Completed 406 Not Acceptable in 2ms (ActiveRecord: 0.0ms)


  
ActionController::UnknownFormat (PagesController#index is missing a template for this request format and variant.

request.formats: ["text/html"]
request.variant: []

NOTE! For XHR/Ajax or API requests, this action would normally respond with 204 No Content: an empty white screen. Since you're loading it in a web browser, we assume that you expected to actually render a template, not nothing, so we're showing an error to be extra-clear. If you expect 204 No Content, carry on. That's what you'll get from an XHR or API request. Give it a shot.):
  
actionpack (5.2.4.1) lib/action_controller/metal/implicit_render.rb:55:in `default_render'
actionpack (5.2.4.1) lib/action_controller/metal/basic_implicit_render.rb:6:in `block in send_action'
actionpack (5.2.4.1) lib/action_controller/metal/basic_implicit_render.rb:6:in `tap'
actionpack (5.2.4.1) lib/action_controller/metal/basic_implicit_render.rb:6:in `send_action'
actionpack (5.2.4.1) lib/abstract_controller/base.rb:194:in `process_action'
actionpack (5.2.4.1) lib/action_controller/metal/rendering.rb:30:in `process_action'
actionpack (5.2.4.1) lib/abstract_controller/callbacks.rb:42:in `block in process_action'
activesupport (5.2.4.1) lib/active_support/callbacks.rb:132:in `run_callbacks'
actionpack (5.2.4.1) lib/abstract_controller/callbacks.rb:41:in `process_action'
actionpack (5.2.4.1) lib/action_controller/metal/rescue.rb:22:in `process_action'
actionpack (5.2.4.1) lib/action_controller/metal/instrumentation.rb:34:in `block in process_action'
activesupport (5.2.4.1) lib/active_support/notifications.rb:168:in `block in instrument'
activesupport (5.2.4.1) lib/active_support/notifications/instrumenter.rb:23:in `instrument'
activesupport (5.2.4.1) lib/active_support/notifications.rb:168:in `instrument'
actionpack (5.2.4.1) lib/action_controller/metal/instrumentation.rb:32:in `process_action'
actionpack (5.2.4.1) lib/action_controller/metal/params_wrapper.rb:256:in `process_action'
activerecord (5.2.4.1) lib/active_record/railties/controller_runtime.rb:24:in `process_action'
actionpack (5.2.4.1) lib/abstract_controller/base.rb:134:in `process'
actionview (5.2.4.1) lib/action_view/rendering.rb:32:in `process'
actionpack (5.2.4.1) lib/action_controller/metal.rb:191:in `dispatch'
actionpack (5.2.4.1) lib/action_controller/metal.rb:252:in `dispatch'
actionpack (5.2.4.1) lib/action_dispatch/routing/route_set.rb:52:in `dispatch'
actionpack (5.2.4.1) lib/action_dispatch/routing/route_set.rb:34:in `serve'
actionpack (5.2.4.1) lib/action_dispatch/journey/router.rb:52:in `block in serve'
actionpack (5.2.4.1) lib/action_dispatch/journey/router.rb:35:in `each'
actionpack (5.2.4.1) lib/action_dispatch/journey/router.rb:35:in `serve'
actionpack (5.2.4.1) lib/action_dispatch/routing/route_set.rb:840:in `call'
rack (2.2.2) lib/rack/tempfile_reaper.rb:15:in `call'
rack (2.2.2) lib/rack/etag.rb:27:in `call'
rack (2.2.2) lib/rack/conditional_get.rb:27:in `call'
rack (2.2.2) lib/rack/head.rb:12:in `call'
actionpack (5.2.4.1) lib/action_dispatch/http/content_security_policy.rb:18:in `call'
rack (2.2.2) lib/rack/session/abstract/id.rb:266:in `context'
rack (2.2.2) lib/rack/session/abstract/id.rb:260:in `call'
actionpack (5.2.4.1) lib/action_dispatch/middleware/cookies.rb:670:in `call'
activerecord (5.2.4.1) lib/active_record/migration.rb:559:in `call'
actionpack (5.2.4.1) lib/action_dispatch/middleware/callbacks.rb:28:in `block in call'
activesupport (5.2.4.1) lib/active_support/callbacks.rb:98:in `run_callbacks'
actionpack (5.2.4.1) lib/action_dispatch/middleware/callbacks.rb:26:in `call'
actionpack (5.2.4.1) lib/action_dispatch/middleware/executor.rb:14:in `call'
actionpack (5.2.4.1) lib/action_dispatch/middleware/debug_exceptions.rb:61:in `call'
web-console (3.7.0) lib/web_console/middleware.rb:135:in `call_app'
web-console (3.7.0) lib/web_console/middleware.rb:30:in `block in call'
web-console (3.7.0) lib/web_console/middleware.rb:20:in `catch'
web-console (3.7.0) lib/web_console/middleware.rb:20:in `call'
actionpack (5.2.4.1) lib/action_dispatch/middleware/show_exceptions.rb:33:in `call'
railties (5.2.4.1) lib/rails/rack/logger.rb:38:in `call_app'
railties (5.2.4.1) lib/rails/rack/logger.rb:26:in `block in call'
activesupport (5.2.4.1) lib/active_support/tagged_logging.rb:71:in `block in tagged'
activesupport (5.2.4.1) lib/active_support/tagged_logging.rb:28:in `tagged'
activesupport (5.2.4.1) lib/active_support/tagged_logging.rb:71:in `tagged'
railties (5.2.4.1) lib/rails/rack/logger.rb:26:in `call'
sprockets-rails (3.2.1) lib/sprockets/rails/quiet_assets.rb:13:in `call'
actionpack (5.2.4.1) lib/action_dispatch/middleware/remote_ip.rb:81:in `call'
actionpack (5.2.4.1) lib/action_dispatch/middleware/request_id.rb:27:in `call'
rack (2.2.2) lib/rack/method_override.rb:24:in `call'
rack (2.2.2) lib/rack/runtime.rb:22:in `call'
activesupport (5.2.4.1) lib/active_support/cache/strategy/local_cache_middleware.rb:29:in `call'
actionpack (5.2.4.1) lib/action_dispatch/middleware/executor.rb:14:in `call'
actionpack (5.2.4.1) lib/action_dispatch/middleware/static.rb:127:in `call'
rack (2.2.2) lib/rack/sendfile.rb:110:in `call'
railties (5.2.4.1) lib/rails/engine.rb:524:in `call'
puma (3.12.4) lib/puma/configuration.rb:227:in `call'
puma (3.12.4) lib/puma/server.rb:675:in `handle_request'
puma (3.12.4) lib/puma/server.rb:476:in `process_client'
puma (3.12.4) lib/puma/server.rb:334:in `block in run'
puma (3.12.4) lib/puma/thread_pool.rb:135:in `block in spawn_thread'
Started GET "/fighters" for ::1 at 2020-03-19 18:58:49 +1100
Processing by FightersController#index as HTML
Completed 406 Not Acceptable in 9ms (ActiveRecord: 0.0ms)


  
ActionController::UnknownFormat (FightersController#index is missing a template for this request format and variant.

request.formats: ["text/html"]
request.variant: []

NOTE! For XHR/Ajax or API requests, this action would normally respond with 204 No Content: an empty white screen. Since you're loading it in a web browser, we assume that you expected to actually render a template, not nothing, so we're showing an error to be extra-clear. If you expect 204 No Content, carry on. That's what you'll get from an XHR or API request. Give it a shot.):
  
actionpack (5.2.4.1) lib/action_controller/metal/implicit_render.rb:55:in `default_render'
actionpack (5.2.4.1) lib/action_controller/metal/basic_implicit_render.rb:6:in `block in send_action'
actionpack (5.2.4.1) lib/action_controller/metal/basic_implicit_render.rb:6:in `tap'
actionpack (5.2.4.1) lib/action_controller/metal/basic_implicit_render.rb:6:in `send_action'
actionpack (5.2.4.1) lib/abstract_controller/base.rb:194:in `process_action'
actionpack (5.2.4.1) lib/action_controller/metal/rendering.rb:30:in `process_action'
actionpack (5.2.4.1) lib/abstract_controller/callbacks.rb:42:in `block in process_action'
activesupport (5.2.4.1) lib/active_support/callbacks.rb:132:in `run_callbacks'
actionpack (5.2.4.1) lib/abstract_controller/callbacks.rb:41:in `process_action'
actionpack (5.2.4.1) lib/action_controller/metal/rescue.rb:22:in `process_action'
actionpack (5.2.4.1) lib/action_controller/metal/instrumentation.rb:34:in `block in process_action'
activesupport (5.2.4.1) lib/active_support/notifications.rb:168:in `block in instrument'
activesupport (5.2.4.1) lib/active_support/notifications/instrumenter.rb:23:in `instrument'
activesupport (5.2.4.1) lib/active_support/notifications.rb:168:in `instrument'
actionpack (5.2.4.1) lib/action_controller/metal/instrumentation.rb:32:in `process_action'
actionpack (5.2.4.1) lib/action_controller/metal/params_wrapper.rb:256:in `process_action'
activerecord (5.2.4.1) lib/active_record/railties/controller_runtime.rb:24:in `process_action'
actionpack (5.2.4.1) lib/abstract_controller/base.rb:134:in `process'
actionview (5.2.4.1) lib/action_view/rendering.rb:32:in `process'
actionpack (5.2.4.1) lib/action_controller/metal.rb:191:in `dispatch'
actionpack (5.2.4.1) lib/action_controller/metal.rb:252:in `dispatch'
actionpack (5.2.4.1) lib/action_dispatch/routing/route_set.rb:52:in `dispatch'
actionpack (5.2.4.1) lib/action_dispatch/routing/route_set.rb:34:in `serve'
actionpack (5.2.4.1) lib/action_dispatch/journey/router.rb:52:in `block in serve'
actionpack (5.2.4.1) lib/action_dispatch/journey/router.rb:35:in `each'
actionpack (5.2.4.1) lib/action_dispatch/journey/router.rb:35:in `serve'
actionpack (5.2.4.1) lib/action_dispatch/routing/route_set.rb:840:in `call'
rack (2.2.2) lib/rack/tempfile_reaper.rb:15:in `call'
rack (2.2.2) lib/rack/etag.rb:27:in `call'
rack (2.2.2) lib/rack/conditional_get.rb:27:in `call'
rack (2.2.2) lib/rack/head.rb:12:in `call'
actionpack (5.2.4.1) lib/action_dispatch/http/content_security_policy.rb:18:in `call'
rack (2.2.2) lib/rack/session/abstract/id.rb:266:in `context'
rack (2.2.2) lib/rack/session/abstract/id.rb:260:in `call'
actionpack (5.2.4.1) lib/action_dispatch/middleware/cookies.rb:670:in `call'
activerecord (5.2.4.1) lib/active_record/migration.rb:559:in `call'
actionpack (5.2.4.1) lib/action_dispatch/middleware/callbacks.rb:28:in `block in call'
activesupport (5.2.4.1) lib/active_support/callbacks.rb:98:in `run_callbacks'
actionpack (5.2.4.1) lib/action_dispatch/middleware/callbacks.rb:26:in `call'
actionpack (5.2.4.1) lib/action_dispatch/middleware/executor.rb:14:in `call'
actionpack (5.2.4.1) lib/action_dispatch/middleware/debug_exceptions.rb:61:in `call'
web-console (3.7.0) lib/web_console/middleware.rb:135:in `call_app'
web-console (3.7.0) lib/web_console/middleware.rb:30:in `block in call'
web-console (3.7.0) lib/web_console/middleware.rb:20:in `catch'
web-console (3.7.0) lib/web_console/middleware.rb:20:in `call'
actionpack (5.2.4.1) lib/action_dispatch/middleware/show_exceptions.rb:33:in `call'
railties (5.2.4.1) lib/rails/rack/logger.rb:38:in `call_app'
railties (5.2.4.1) lib/rails/rack/logger.rb:26:in `block in call'
activesupport (5.2.4.1) lib/active_support/tagged_logging.rb:71:in `block in tagged'
activesupport (5.2.4.1) lib/active_support/tagged_logging.rb:28:in `tagged'
activesupport (5.2.4.1) lib/active_support/tagged_logging.rb:71:in `tagged'
railties (5.2.4.1) lib/rails/rack/logger.rb:26:in `call'
sprockets-rails (3.2.1) lib/sprockets/rails/quiet_assets.rb:13:in `call'
actionpack (5.2.4.1) lib/action_dispatch/middleware/remote_ip.rb:81:in `call'
actionpack (5.2.4.1) lib/action_dispatch/middleware/request_id.rb:27:in `call'
rack (2.2.2) lib/rack/method_override.rb:24:in `call'
rack (2.2.2) lib/rack/runtime.rb:22:in `call'
activesupport (5.2.4.1) lib/active_support/cache/strategy/local_cache_middleware.rb:29:in `call'
actionpack (5.2.4.1) lib/action_dispatch/middleware/executor.rb:14:in `call'
actionpack (5.2.4.1) lib/action_dispatch/middleware/static.rb:127:in `call'
rack (2.2.2) lib/rack/sendfile.rb:110:in `call'
railties (5.2.4.1) lib/rails/engine.rb:524:in `call'
puma (3.12.4) lib/puma/configuration.rb:227:in `call'
puma (3.12.4) lib/puma/server.rb:675:in `handle_request'
puma (3.12.4) lib/puma/server.rb:476:in `process_client'
puma (3.12.4) lib/puma/server.rb:334:in `block in run'
puma (3.12.4) lib/puma/thread_pool.rb:135:in `block in spawn_thread'
Started GET "/" for ::1 at 2020-03-19 18:59:29 +1100
Processing by PagesController#index as HTML
Completed 406 Not Acceptable in 0ms (ActiveRecord: 0.0ms)


  
ActionController::UnknownFormat (PagesController#index is missing a template for this request format and variant.

request.formats: ["text/html"]
request.variant: []

NOTE! For XHR/Ajax or API requests, this action would normally respond with 204 No Content: an empty white screen. Since you're loading it in a web browser, we assume that you expected to actually render a template, not nothing, so we're showing an error to be extra-clear. If you expect 204 No Content, carry on. That's what you'll get from an XHR or API request. Give it a shot.):
  
actionpack (5.2.4.1) lib/action_controller/metal/implicit_render.rb:55:in `default_render'
actionpack (5.2.4.1) lib/action_controller/metal/basic_implicit_render.rb:6:in `block in send_action'
actionpack (5.2.4.1) lib/action_controller/metal/basic_implicit_render.rb:6:in `tap'
actionpack (5.2.4.1) lib/action_controller/metal/basic_implicit_render.rb:6:in `send_action'
actionpack (5.2.4.1) lib/abstract_controller/base.rb:194:in `process_action'
actionpack (5.2.4.1) lib/action_controller/metal/rendering.rb:30:in `process_action'
actionpack (5.2.4.1) lib/abstract_controller/callbacks.rb:42:in `block in process_action'
activesupport (5.2.4.1) lib/active_support/callbacks.rb:132:in `run_callbacks'
actionpack (5.2.4.1) lib/abstract_controller/callbacks.rb:41:in `process_action'
actionpack (5.2.4.1) lib/action_controller/metal/rescue.rb:22:in `process_action'
actionpack (5.2.4.1) lib/action_controller/metal/instrumentation.rb:34:in `block in process_action'
activesupport (5.2.4.1) lib/active_support/notifications.rb:168:in `block in instrument'
activesupport (5.2.4.1) lib/active_support/notifications/instrumenter.rb:23:in `instrument'
activesupport (5.2.4.1) lib/active_support/notifications.rb:168:in `instrument'
actionpack (5.2.4.1) lib/action_controller/metal/instrumentation.rb:32:in `process_action'
actionpack (5.2.4.1) lib/action_controller/metal/params_wrapper.rb:256:in `process_action'
activerecord (5.2.4.1) lib/active_record/railties/controller_runtime.rb:24:in `process_action'
actionpack (5.2.4.1) lib/abstract_controller/base.rb:134:in `process'
actionview (5.2.4.1) lib/action_view/rendering.rb:32:in `process'
actionpack (5.2.4.1) lib/action_controller/metal.rb:191:in `dispatch'
actionpack (5.2.4.1) lib/action_controller/metal.rb:252:in `dispatch'
actionpack (5.2.4.1) lib/action_dispatch/routing/route_set.rb:52:in `dispatch'
actionpack (5.2.4.1) lib/action_dispatch/routing/route_set.rb:34:in `serve'
actionpack (5.2.4.1) lib/action_dispatch/journey/router.rb:52:in `block in serve'
actionpack (5.2.4.1) lib/action_dispatch/journey/router.rb:35:in `each'
actionpack (5.2.4.1) lib/action_dispatch/journey/router.rb:35:in `serve'
actionpack (5.2.4.1) lib/action_dispatch/routing/route_set.rb:840:in `call'
rack (2.2.2) lib/rack/tempfile_reaper.rb:15:in `call'
rack (2.2.2) lib/rack/etag.rb:27:in `call'
rack (2.2.2) lib/rack/conditional_get.rb:27:in `call'
rack (2.2.2) lib/rack/head.rb:12:in `call'
actionpack (5.2.4.1) lib/action_dispatch/http/content_security_policy.rb:18:in `call'
rack (2.2.2) lib/rack/session/abstract/id.rb:266:in `context'
rack (2.2.2) lib/rack/session/abstract/id.rb:260:in `call'
actionpack (5.2.4.1) lib/action_dispatch/middleware/cookies.rb:670:in `call'
activerecord (5.2.4.1) lib/active_record/migration.rb:559:in `call'
actionpack (5.2.4.1) lib/action_dispatch/middleware/callbacks.rb:28:in `block in call'
activesupport (5.2.4.1) lib/active_support/callbacks.rb:98:in `run_callbacks'
actionpack (5.2.4.1) lib/action_dispatch/middleware/callbacks.rb:26:in `call'
actionpack (5.2.4.1) lib/action_dispatch/middleware/executor.rb:14:in `call'
actionpack (5.2.4.1) lib/action_dispatch/middleware/debug_exceptions.rb:61:in `call'
web-console (3.7.0) lib/web_console/middleware.rb:135:in `call_app'
web-console (3.7.0) lib/web_console/middleware.rb:30:in `block in call'
web-console (3.7.0) lib/web_console/middleware.rb:20:in `catch'
web-console (3.7.0) lib/web_console/middleware.rb:20:in `call'
actionpack (5.2.4.1) lib/action_dispatch/middleware/show_exceptions.rb:33:in `call'
railties (5.2.4.1) lib/rails/rack/logger.rb:38:in `call_app'
railties (5.2.4.1) lib/rails/rack/logger.rb:26:in `block in call'
activesupport (5.2.4.1) lib/active_support/tagged_logging.rb:71:in `block in tagged'
activesupport (5.2.4.1) lib/active_support/tagged_logging.rb:28:in `tagged'
activesupport (5.2.4.1) lib/active_support/tagged_logging.rb:71:in `tagged'
railties (5.2.4.1) lib/rails/rack/logger.rb:26:in `call'
sprockets-rails (3.2.1) lib/sprockets/rails/quiet_assets.rb:13:in `call'
actionpack (5.2.4.1) lib/action_dispatch/middleware/remote_ip.rb:81:in `call'
actionpack (5.2.4.1) lib/action_dispatch/middleware/request_id.rb:27:in `call'
rack (2.2.2) lib/rack/method_override.rb:24:in `call'
rack (2.2.2) lib/rack/runtime.rb:22:in `call'
activesupport (5.2.4.1) lib/active_support/cache/strategy/local_cache_middleware.rb:29:in `call'
actionpack (5.2.4.1) lib/action_dispatch/middleware/executor.rb:14:in `call'
actionpack (5.2.4.1) lib/action_dispatch/middleware/static.rb:127:in `call'
rack (2.2.2) lib/rack/sendfile.rb:110:in `call'
railties (5.2.4.1) lib/rails/engine.rb:524:in `call'
puma (3.12.4) lib/puma/configuration.rb:227:in `call'
puma (3.12.4) lib/puma/server.rb:675:in `handle_request'
puma (3.12.4) lib/puma/server.rb:476:in `process_client'
puma (3.12.4) lib/puma/server.rb:334:in `block in run'
puma (3.12.4) lib/puma/thread_pool.rb:135:in `block in spawn_thread'
Started GET "/" for ::1 at 2020-03-19 19:00:15 +1100
  [1m[35m (1.6ms)[0m  [1m[34mSELECT "schema_migrations"."version" FROM "schema_migrations" ORDER BY "schema_migrations"."version" ASC[0m
  ↳ /Users/mojave-vm/.rvm/gems/ruby-2.7.0/gems/activerecord-5.2.4.1/lib/active_record/log_subscriber.rb:98
Processing by PagesController#index as HTML
  Rendering pages/index.html.erb within layouts/application
  Rendered pages/index.html.erb within layouts/application (14.5ms)
Completed 500 Internal Server Error in 1526ms (ActiveRecord: 0.0ms)


  
ActionView::Template::Error (undefined local variable or method `characters_path' for #<#<Class:0x00007f94080f2780>:0x00007f94080e19a8>):
    17:         |
    18:         <%= link_to "Home", root_path %>
    19:         | 
    20:         <%= link_to "Fighters", characters_path %>
    21:         |
    22:         <%= link_to "Add a Fighter", new_character_path %>
    23:         |
  
app/views/layouts/application.html.erb:20:in `_app_views_layouts_application_html_erb___1002159661637545418_13260'
Started GET "/" for ::1 at 2020-03-19 19:01:07 +1100
Processing by PagesController#index as HTML
  Rendering pages/index.html.erb within layouts/application
  Rendered pages/index.html.erb within layouts/application (4.7ms)
Completed 200 OK in 67ms (Views: 65.2ms | ActiveRecord: 0.0ms)


Started GET "/fighters" for ::1 at 2020-03-19 19:01:11 +1100
Processing by FightersController#index as HTML
  Rendering fighters/index.html.erb within layouts/application
  Rendered fighters/index.html.erb within layouts/application (3.6ms)
Completed 500 Internal Server Error in 25ms (ActiveRecord: 0.0ms)


  
ActionView::Template::Error (undefined method `each' for nil:NilClass):
    1: <h2>All Fighters</h2>
    2: 
    3: <div class="character_index">
    4:     <% @characters.each do |character| %>
    5:         <%= link_to(character, :class => "char_index" ) do %>
    6:             <%= image_tag(character.stock_symbol, :class => "thumb") %>
    7:             <div class="char_hover">
  
app/views/fighters/index.html.erb:4:in `_app_views_fighters_index_html_erb__3471926075817102405_14420'
Started GET "/fighters" for ::1 at 2020-03-19 19:02:00 +1100
Processing by FightersController#index as HTML
  Rendering fighters/index.html.erb within layouts/application
  [1m[36mFighter Load (11.1ms)[0m  [1m[34mSELECT "fighters".* FROM "fighters"[0m
  ↳ app/views/fighters/index.html.erb:4
  [1m[36mSpecial Load (0.7ms)[0m  [1m[34mSELECT "specials".* FROM "specials" WHERE "specials"."fighter_id" = $1[0m  [["fighter_id", 1]]
  ↳ app/views/fighters/index.html.erb:9
  [1m[36mSpecial Load (0.4ms)[0m  [1m[34mSELECT "specials".* FROM "specials" WHERE "specials"."fighter_id" = $1[0m  [["fighter_id", 2]]
  ↳ app/views/fighters/index.html.erb:9
  [1m[36mSpecial Load (0.3ms)[0m  [1m[34mSELECT "specials".* FROM "specials" WHERE "specials"."fighter_id" = $1[0m  [["fighter_id", 3]]
  ↳ app/views/fighters/index.html.erb:9
  [1m[36mSpecial Load (0.2ms)[0m  [1m[34mSELECT "specials".* FROM "specials" WHERE "specials"."fighter_id" = $1[0m  [["fighter_id", 4]]
  ↳ app/views/fighters/index.html.erb:9
  [1m[36mSpecial Load (0.2ms)[0m  [1m[34mSELECT "specials".* FROM "specials" WHERE "specials"."fighter_id" = $1[0m  [["fighter_id", 5]]
  ↳ app/views/fighters/index.html.erb:9
  Rendered fighters/index.html.erb within layouts/application (100.9ms)
Completed 200 OK in 135ms (Views: 88.2ms | ActiveRecord: 44.3ms)


Started GET "/fighters" for ::1 at 2020-03-19 19:02:13 +1100
Processing by FightersController#index as HTML
  Rendering fighters/index.html.erb within layouts/application
  [1m[36mFighter Load (0.8ms)[0m  [1m[34mSELECT "fighters".* FROM "fighters"[0m
  ↳ app/views/fighters/index.html.erb:4
  [1m[36mSpecial Load (0.8ms)[0m  [1m[34mSELECT "specials".* FROM "specials" WHERE "specials"."fighter_id" = $1[0m  [["fighter_id", 1]]
  ↳ app/views/fighters/index.html.erb:9
  [1m[36mSpecial Load (0.4ms)[0m  [1m[34mSELECT "specials".* FROM "specials" WHERE "specials"."fighter_id" = $1[0m  [["fighter_id", 2]]
  ↳ app/views/fighters/index.html.erb:9
  [1m[36mSpecial Load (0.4ms)[0m  [1m[34mSELECT "specials".* FROM "specials" WHERE "specials"."fighter_id" = $1[0m  [["fighter_id", 3]]
  ↳ app/views/fighters/index.html.erb:9
  [1m[36mSpecial Load (0.3ms)[0m  [1m[34mSELECT "specials".* FROM "specials" WHERE "specials"."fighter_id" = $1[0m  [["fighter_id", 4]]
  ↳ app/views/fighters/index.html.erb:9
  [1m[36mSpecial Load (0.4ms)[0m  [1m[34mSELECT "specials".* FROM "specials" WHERE "specials"."fighter_id" = $1[0m  [["fighter_id", 5]]
  ↳ app/views/fighters/index.html.erb:9
  Rendered fighters/index.html.erb within layouts/application (11.9ms)
Completed 200 OK in 27ms (Views: 22.9ms | ActiveRecord: 3.4ms)


Started GET "/fighters" for ::1 at 2020-03-19 19:02:19 +1100
Processing by FightersController#index as HTML
  Rendering fighters/index.html.erb within layouts/application
  [1m[36mFighter Load (0.8ms)[0m  [1m[34mSELECT "fighters".* FROM "fighters"[0m
  ↳ app/views/fighters/index.html.erb:4
  [1m[36mSpecial Load (0.5ms)[0m  [1m[34mSELECT "specials".* FROM "specials" WHERE "specials"."fighter_id" = $1[0m  [["fighter_id", 1]]
  ↳ app/views/fighters/index.html.erb:9
  [1m[36mSpecial Load (0.4ms)[0m  [1m[34mSELECT "specials".* FROM "specials" WHERE "specials"."fighter_id" = $1[0m  [["fighter_id", 2]]
  ↳ app/views/fighters/index.html.erb:9
  [1m[36mSpecial Load (0.6ms)[0m  [1m[34mSELECT "specials".* FROM "specials" WHERE "specials"."fighter_id" = $1[0m  [["fighter_id", 3]]
  ↳ app/views/fighters/index.html.erb:9
  [1m[36mSpecial Load (0.4ms)[0m  [1m[34mSELECT "specials".* FROM "specials" WHERE "specials"."fighter_id" = $1[0m  [["fighter_id", 4]]
  ↳ app/views/fighters/index.html.erb:9
  [1m[36mSpecial Load (0.6ms)[0m  [1m[34mSELECT "specials".* FROM "specials" WHERE "specials"."fighter_id" = $1[0m  [["fighter_id", 5]]
  ↳ app/views/fighters/index.html.erb:9
  Rendered fighters/index.html.erb within layouts/application (15.9ms)
Completed 200 OK in 32ms (Views: 27.8ms | ActiveRecord: 3.3ms)


Started GET "/fighters" for ::1 at 2020-03-19 19:02:43 +1100
Processing by FightersController#index as HTML
  Rendering fighters/index.html.erb within layouts/application
  [1m[36mFighter Load (8.0ms)[0m  [1m[34mSELECT "fighters".* FROM "fighters"[0m
  ↳ app/views/fighters/index.html.erb:4
  Rendered fighters/index.html.erb within layouts/application (18.2ms)
Completed 200 OK in 45ms (Views: 35.4ms | ActiveRecord: 8.0ms)


Started GET "/fighters/1" for ::1 at 2020-03-19 19:02:50 +1100
Processing by FightersController#show as HTML
  Parameters: {"id"=>"1"}
  [1m[36mFighter Load (0.7ms)[0m  [1m[34mSELECT  "fighters".* FROM "fighters" WHERE "fighters"."id" = $1 LIMIT $2[0m  [["id", 1], ["LIMIT", 1]]
  ↳ app/controllers/fighters_controller.rb:26
  Rendering fighters/show.html.erb within layouts/application
  [1m[36mGame Load (0.9ms)[0m  [1m[34mSELECT "games".* FROM "games" INNER JOIN "fighters_games" ON "games"."id" = "fighters_games"."game_id" WHERE "fighters_games"."fighter_id" = $1[0m  [["fighter_id", 1]]
  ↳ app/views/fighters/show.html.erb:14
  [1m[36mSpecial Load (0.5ms)[0m  [1m[34mSELECT "specials".* FROM "specials" WHERE "specials"."fighter_id" = $1[0m  [["fighter_id", 1]]
  ↳ app/views/fighters/show.html.erb:19
  Rendered fighters/show.html.erb within layouts/application (64.9ms)
Completed 200 OK in 95ms (Views: 73.8ms | ActiveRecord: 15.2ms)


Started GET "/games" for ::1 at 2020-03-19 19:05:05 +1100
Processing by GamesController#index as HTML
  Rendering games/index.html.erb within layouts/application
  [1m[36mGame Load (1.2ms)[0m  [1m[34mSELECT "games".* FROM "games"[0m
  ↳ app/views/games/index.html.erb:4
  Rendered games/index.html.erb within layouts/application (4.0ms)
Completed 200 OK in 25ms (Views: 22.4ms | ActiveRecord: 1.2ms)


Started GET "/fighters" for ::1 at 2020-03-19 19:05:13 +1100
Processing by FightersController#index as HTML
  Rendering fighters/index.html.erb within layouts/application
  [1m[36mFighter Load (2.0ms)[0m  [1m[34mSELECT "fighters".* FROM "fighters"[0m
  ↳ app/views/fighters/index.html.erb:4
  Rendered fighters/index.html.erb within layouts/application (8.4ms)
Completed 200 OK in 38ms (Views: 33.5ms | ActiveRecord: 2.0ms)


Started GET "/fighters/new" for ::1 at 2020-03-19 19:05:39 +1100
Processing by FightersController#new as HTML
  Rendering fighters/new.html.erb within layouts/application
  [1m[35m (0.8ms)[0m  [1m[34mSELECT "games"."name", "games"."id" FROM "games"[0m
  ↳ app/views/fighters/_form.html.erb:13
  Rendered fighters/_form.html.erb (40.3ms)
  Rendered fighters/new.html.erb within layouts/application (42.9ms)
Completed 200 OK in 58ms (Views: 55.2ms | ActiveRecord: 0.8ms)


Started GET "/" for ::1 at 2020-03-19 19:05:40 +1100
Processing by PagesController#index as HTML
  Rendering pages/index.html.erb within layouts/application
  Rendered pages/index.html.erb within layouts/application (2.8ms)
Completed 200 OK in 17ms (Views: 16.7ms | ActiveRecord: 0.0ms)


Started GET "/fighters" for ::1 at 2020-03-19 19:09:31 +1100
Processing by FightersController#index as HTML
  Rendering fighters/index.html.erb within layouts/application
  [1m[36mFighter Load (1.0ms)[0m  [1m[34mSELECT "fighters".* FROM "fighters"[0m
  ↳ app/views/fighters/index.html.erb:4
  Rendered fighters/index.html.erb within layouts/application (5.1ms)
Completed 200 OK in 37ms (Views: 34.2ms | ActiveRecord: 1.0ms)


Started GET "/fighters/1" for ::1 at 2020-03-19 19:09:34 +1100
Processing by FightersController#show as HTML
  Parameters: {"id"=>"1"}
  [1m[36mFighter Load (1.1ms)[0m  [1m[34mSELECT  "fighters".* FROM "fighters" WHERE "fighters"."id" = $1 LIMIT $2[0m  [["id", 1], ["LIMIT", 1]]
  ↳ app/controllers/fighters_controller.rb:26
  Rendering fighters/show.html.erb within layouts/application
  [1m[36mGame Load (6.6ms)[0m  [1m[34mSELECT "games".* FROM "games" INNER JOIN "fighters_games" ON "games"."id" = "fighters_games"."game_id" WHERE "fighters_games"."fighter_id" = $1[0m  [["fighter_id", 1]]
  ↳ app/views/fighters/show.html.erb:14
  [1m[36mSpecial Load (3.6ms)[0m  [1m[34mSELECT "specials".* FROM "specials" WHERE "specials"."fighter_id" = $1[0m  [["fighter_id", 1]]
  ↳ app/views/fighters/show.html.erb:19
  Rendered fighters/show.html.erb within layouts/application (28.2ms)
Completed 200 OK in 50ms (Views: 33.5ms | ActiveRecord: 11.3ms)


Started GET "/fighters" for ::1 at 2020-03-19 19:09:40 +1100
Processing by FightersController#index as HTML
  Rendering fighters/index.html.erb within layouts/application
  [1m[36mFighter Load (1.2ms)[0m  [1m[34mSELECT "fighters".* FROM "fighters"[0m
  ↳ app/views/fighters/index.html.erb:4
  Rendered fighters/index.html.erb within layouts/application (5.5ms)
Completed 200 OK in 39ms (Views: 36.0ms | ActiveRecord: 1.2ms)


Started GET "/fighters/1" for ::1 at 2020-03-19 19:09:41 +1100
Processing by FightersController#show as HTML
  Parameters: {"id"=>"1"}
  [1m[36mFighter Load (0.3ms)[0m  [1m[34mSELECT  "fighters".* FROM "fighters" WHERE "fighters"."id" = $1 LIMIT $2[0m  [["id", 1], ["LIMIT", 1]]
  ↳ app/controllers/fighters_controller.rb:26
  Rendering fighters/show.html.erb within layouts/application
  [1m[36mGame Load (1.3ms)[0m  [1m[34mSELECT "games".* FROM "games" INNER JOIN "fighters_games" ON "games"."id" = "fighters_games"."game_id" WHERE "fighters_games"."fighter_id" = $1[0m  [["fighter_id", 1]]
  ↳ app/views/fighters/show.html.erb:14
  [1m[36mSpecial Load (0.6ms)[0m  [1m[34mSELECT "specials".* FROM "specials" WHERE "specials"."fighter_id" = $1[0m  [["fighter_id", 1]]
  ↳ app/views/fighters/show.html.erb:19
  Rendered fighters/show.html.erb within layouts/application (9.3ms)
Completed 200 OK in 25ms (Views: 19.5ms | ActiveRecord: 2.6ms)


Started GET "/fighters/new" for ::1 at 2020-03-19 19:09:47 +1100
Processing by FightersController#new as HTML
  Rendering fighters/new.html.erb within layouts/application
  [1m[35m (6.4ms)[0m  [1m[34mSELECT "games"."name", "games"."id" FROM "games"[0m
  ↳ app/views/fighters/_form.html.erb:13
  Rendered fighters/_form.html.erb (25.8ms)
  Rendered fighters/new.html.erb within layouts/application (28.9ms)
Completed 200 OK in 49ms (Views: 41.0ms | ActiveRecord: 6.4ms)


Started GET "/specials" for ::1 at 2020-03-19 19:09:48 +1100
Processing by SpecialsController#index as HTML
  Rendering specials/index.html.erb within layouts/application
  [1m[36mFighter Load (1.1ms)[0m  [1m[34mSELECT "fighters".* FROM "fighters"[0m
  ↳ app/views/specials/index.html.erb:4
  [1m[36mSpecial Load (0.7ms)[0m  [1m[34mSELECT "specials".* FROM "specials"[0m
  ↳ app/views/specials/index.html.erb:7
  Rendered specials/index.html.erb within layouts/application (12.9ms)
Completed 500 Internal Server Error in 17ms (ActiveRecord: 1.8ms)


  
ActionView::Template::Error (undefined method `character' for #<Special:0x00007f940a298a88>):
     5:         <div class="inner_container">
     6:         <h3><%= fighter.name %>:</h3>
     7:         <% @specials.each do |special| %>
     8:             <%= link_to image_tag(special.preview, :class => "special_select"), special if special.preview.present? && special.character.id == fighter.id %>  
     9:         <% end %>
    10:         </div>
    11:     <% end %>
  
app/views/specials/index.html.erb:8:in `block (2 levels) in _app_views_specials_index_html_erb___2067943142310681568_16440'
app/views/specials/index.html.erb:7:in `block in _app_views_specials_index_html_erb___2067943142310681568_16440'
app/views/specials/index.html.erb:4:in `_app_views_specials_index_html_erb___2067943142310681568_16440'
Started GET "/specials" for ::1 at 2020-03-19 19:11:15 +1100
Processing by SpecialsController#index as HTML
  Rendering specials/index.html.erb within layouts/application
  [1m[36mFighter Load (1.0ms)[0m  [1m[34mSELECT "fighters".* FROM "fighters"[0m
  ↳ app/views/specials/index.html.erb:4
  [1m[36mSpecial Load (0.7ms)[0m  [1m[34mSELECT "specials".* FROM "specials"[0m
  ↳ app/views/specials/index.html.erb:7
  [1m[36mFighter Load (1.0ms)[0m  [1m[34mSELECT  "fighters".* FROM "fighters" WHERE "fighters"."id" = $1 LIMIT $2[0m  [["id", 1], ["LIMIT", 1]]
  ↳ app/views/specials/index.html.erb:8
  [1m[36mCACHE Fighter Load (0.0ms)[0m  [1m[34mSELECT  "fighters".* FROM "fighters" WHERE "fighters"."id" = $1 LIMIT $2[0m  [["id", 1], ["LIMIT", 1]]
  ↳ app/views/specials/index.html.erb:8
  [1m[36mCACHE Fighter Load (0.0ms)[0m  [1m[34mSELECT  "fighters".* FROM "fighters" WHERE "fighters"."id" = $1 LIMIT $2[0m  [["id", 1], ["LIMIT", 1]]
  ↳ app/views/specials/index.html.erb:8
  [1m[36mCACHE Fighter Load (0.0ms)[0m  [1m[34mSELECT  "fighters".* FROM "fighters" WHERE "fighters"."id" = $1 LIMIT $2[0m  [["id", 1], ["LIMIT", 1]]
  ↳ app/views/specials/index.html.erb:8
  [1m[36mFighter Load (1.0ms)[0m  [1m[34mSELECT  "fighters".* FROM "fighters" WHERE "fighters"."id" = $1 LIMIT $2[0m  [["id", 2], ["LIMIT", 1]]
  ↳ app/views/specials/index.html.erb:8
  [1m[36mCACHE Fighter Load (0.0ms)[0m  [1m[34mSELECT  "fighters".* FROM "fighters" WHERE "fighters"."id" = $1 LIMIT $2[0m  [["id", 2], ["LIMIT", 1]]
  ↳ app/views/specials/index.html.erb:8
  [1m[36mCACHE Fighter Load (0.0ms)[0m  [1m[34mSELECT  "fighters".* FROM "fighters" WHERE "fighters"."id" = $1 LIMIT $2[0m  [["id", 2], ["LIMIT", 1]]
  ↳ app/views/specials/index.html.erb:8
  [1m[36mCACHE Fighter Load (0.0ms)[0m  [1m[34mSELECT  "fighters".* FROM "fighters" WHERE "fighters"."id" = $1 LIMIT $2[0m  [["id", 2], ["LIMIT", 1]]
  ↳ app/views/specials/index.html.erb:8
  [1m[36mFighter Load (1.1ms)[0m  [1m[34mSELECT  "fighters".* FROM "fighters" WHERE "fighters"."id" = $1 LIMIT $2[0m  [["id", 3], ["LIMIT", 1]]
  ↳ app/views/specials/index.html.erb:8
  [1m[36mCACHE Fighter Load (0.0ms)[0m  [1m[34mSELECT  "fighters".* FROM "fighters" WHERE "fighters"."id" = $1 LIMIT $2[0m  [["id", 3], ["LIMIT", 1]]
  ↳ app/views/specials/index.html.erb:8
  [1m[36mCACHE Fighter Load (0.0ms)[0m  [1m[34mSELECT  "fighters".* FROM "fighters" WHERE "fighters"."id" = $1 LIMIT $2[0m  [["id", 3], ["LIMIT", 1]]
  ↳ app/views/specials/index.html.erb:8
  [1m[36mCACHE Fighter Load (0.0ms)[0m  [1m[34mSELECT  "fighters".* FROM "fighters" WHERE "fighters"."id" = $1 LIMIT $2[0m  [["id", 3], ["LIMIT", 1]]
  ↳ app/views/specials/index.html.erb:8
  [1m[36mFighter Load (0.8ms)[0m  [1m[34mSELECT  "fighters".* FROM "fighters" WHERE "fighters"."id" = $1 LIMIT $2[0m  [["id", 4], ["LIMIT", 1]]
  ↳ app/views/specials/index.html.erb:8
  [1m[36mCACHE Fighter Load (0.0ms)[0m  [1m[34mSELECT  "fighters".* FROM "fighters" WHERE "fighters"."id" = $1 LIMIT $2[0m  [["id", 4], ["LIMIT", 1]]
  ↳ app/views/specials/index.html.erb:8
  [1m[36mCACHE Fighter Load (0.0ms)[0m  [1m[34mSELECT  "fighters".* FROM "fighters" WHERE "fighters"."id" = $1 LIMIT $2[0m  [["id", 4], ["LIMIT", 1]]
  ↳ app/views/specials/index.html.erb:8
  [1m[36mCACHE Fighter Load (0.0ms)[0m  [1m[34mSELECT  "fighters".* FROM "fighters" WHERE "fighters"."id" = $1 LIMIT $2[0m  [["id", 4], ["LIMIT", 1]]
  ↳ app/views/specials/index.html.erb:8
  [1m[36mFighter Load (0.6ms)[0m  [1m[34mSELECT  "fighters".* FROM "fighters" WHERE "fighters"."id" = $1 LIMIT $2[0m  [["id", 5], ["LIMIT", 1]]
  ↳ app/views/specials/index.html.erb:8
  [1m[36mCACHE Fighter Load (0.0ms)[0m  [1m[34mSELECT  "fighters".* FROM "fighters" WHERE "fighters"."id" = $1 LIMIT $2[0m  [["id", 5], ["LIMIT", 1]]
  ↳ app/views/specials/index.html.erb:8
  [1m[36mCACHE Fighter Load (0.0ms)[0m  [1m[34mSELECT  "fighters".* FROM "fighters" WHERE "fighters"."id" = $1 LIMIT $2[0m  [["id", 5], ["LIMIT", 1]]
  ↳ app/views/specials/index.html.erb:8
  [1m[36mCACHE Fighter Load (0.0ms)[0m  [1m[34mSELECT  "fighters".* FROM "fighters" WHERE "fighters"."id" = $1 LIMIT $2[0m  [["id", 5], ["LIMIT", 1]]
  ↳ app/views/specials/index.html.erb:8
  Rendered specials/index.html.erb within layouts/application (54.8ms)
Completed 200 OK in 71ms (Views: 61.9ms | ActiveRecord: 7.2ms)


Started GET "/" for ::1 at 2020-03-19 19:12:17 +1100
Processing by PagesController#index as HTML
  Rendering pages/index.html.erb within layouts/application
  Rendered pages/index.html.erb within layouts/application (1.8ms)
Completed 200 OK in 25ms (Views: 24.1ms | ActiveRecord: 0.0ms)


Started GET "/fighters" for ::1 at 2020-03-19 19:12:17 +1100
Processing by FightersController#index as HTML
  Rendering fighters/index.html.erb within layouts/application
  [1m[36mFighter Load (0.8ms)[0m  [1m[34mSELECT "fighters".* FROM "fighters"[0m
  ↳ app/views/fighters/index.html.erb:4
  Rendered fighters/index.html.erb within layouts/application (4.3ms)
Completed 200 OK in 27ms (Views: 25.3ms | ActiveRecord: 0.8ms)


Started GET "/fighters/1" for ::1 at 2020-03-19 19:12:18 +1100
Processing by FightersController#show as HTML
  Parameters: {"id"=>"1"}
  [1m[36mFighter Load (0.8ms)[0m  [1m[34mSELECT  "fighters".* FROM "fighters" WHERE "fighters"."id" = $1 LIMIT $2[0m  [["id", 1], ["LIMIT", 1]]
  ↳ app/controllers/fighters_controller.rb:26
  Rendering fighters/show.html.erb within layouts/application
  [1m[36mGame Load (0.7ms)[0m  [1m[34mSELECT "games".* FROM "games" INNER JOIN "fighters_games" ON "games"."id" = "fighters_games"."game_id" WHERE "fighters_games"."fighter_id" = $1[0m  [["fighter_id", 1]]
  ↳ app/views/fighters/show.html.erb:14
  [1m[36mSpecial Load (0.6ms)[0m  [1m[34mSELECT "specials".* FROM "specials" WHERE "specials"."fighter_id" = $1[0m  [["fighter_id", 1]]
  ↳ app/views/fighters/show.html.erb:19
  Rendered fighters/show.html.erb within layouts/application (8.0ms)
Completed 200 OK in 27ms (Views: 22.4ms | ActiveRecord: 2.0ms)


Started GET "/fighters/1" for ::1 at 2020-03-19 19:15:15 +1100
Processing by FightersController#show as HTML
  Parameters: {"id"=>"1"}
  [1m[36mFighter Load (0.8ms)[0m  [1m[34mSELECT  "fighters".* FROM "fighters" WHERE "fighters"."id" = $1 LIMIT $2[0m  [["id", 1], ["LIMIT", 1]]
  ↳ app/controllers/fighters_controller.rb:26
  Rendering fighters/show.html.erb within layouts/application
  [1m[36mGame Load (0.9ms)[0m  [1m[34mSELECT "games".* FROM "games" INNER JOIN "fighters_games" ON "games"."id" = "fighters_games"."game_id" WHERE "fighters_games"."fighter_id" = $1[0m  [["fighter_id", 1]]
  ↳ app/views/fighters/show.html.erb:14
  [1m[36mSpecial Load (0.6ms)[0m  [1m[34mSELECT "specials".* FROM "specials" WHERE "specials"."fighter_id" = $1[0m  [["fighter_id", 1]]
  ↳ app/views/fighters/show.html.erb:19
  Rendered fighters/show.html.erb within layouts/application (11.4ms)
Completed 200 OK in 43ms (Views: 38.5ms | ActiveRecord: 2.3ms)


Started GET "/fighters/1" for ::1 at 2020-03-19 19:16:32 +1100
Processing by FightersController#show as HTML
  Parameters: {"id"=>"1"}
  [1m[36mFighter Load (1.5ms)[0m  [1m[34mSELECT  "fighters".* FROM "fighters" WHERE "fighters"."id" = $1 LIMIT $2[0m  [["id", 1], ["LIMIT", 1]]
  ↳ app/controllers/fighters_controller.rb:26
  Rendering fighters/show.html.erb within layouts/application
  [1m[36mGame Load (1.2ms)[0m  [1m[34mSELECT "games".* FROM "games" INNER JOIN "fighters_games" ON "games"."id" = "fighters_games"."game_id" WHERE "fighters_games"."fighter_id" = $1[0m  [["fighter_id", 1]]
  ↳ app/views/fighters/show.html.erb:14
  [1m[36mSpecial Load (1.1ms)[0m  [1m[34mSELECT "specials".* FROM "specials" WHERE "specials"."fighter_id" = $1[0m  [["fighter_id", 1]]
  ↳ app/views/fighters/show.html.erb:19
  Rendered fighters/show.html.erb within layouts/application (18.4ms)
Completed 200 OK in 75ms (Views: 67.2ms | ActiveRecord: 3.8ms)


Started GET "/" for ::1 at 2020-03-19 19:31:18 +1100
Processing by PagesController#index as HTML
  Rendering pages/index.html.erb within layouts/application
  Rendered pages/index.html.erb within layouts/application (1.6ms)
Completed 200 OK in 18ms (Views: 16.6ms | ActiveRecord: 0.0ms)


Started GET "/" for ::1 at 2020-03-19 19:31:53 +1100
Processing by PagesController#index as HTML
  Rendering pages/index.html.erb within layouts/application
  Rendered pages/index.html.erb within layouts/application (2.2ms)
Completed 200 OK in 39ms (Views: 36.6ms | ActiveRecord: 0.0ms)


Started GET "/specials/new" for ::1 at 2020-03-19 19:46:25 +1100
Processing by SpecialsController#new as HTML
  Rendering specials/new.html.erb within layouts/application
  Rendered specials/_form.html.erb (7.6ms)
  Rendered specials/new.html.erb within layouts/application (9.9ms)
Completed 500 Internal Server Error in 49ms (ActiveRecord: 18.5ms)


  
ActionView::Template::Error (uninitialized constant ActionView::CompiledTemplates::Character):
    10:     <%= f.label :preview %>
    11:     <%= f.url_field :preview, :placeholder => "A link to an exmaple of the move..."  %>
    12:     <%= f.label :character_id %>
    13:     <%= f.select :character_id, Character.pluck(:name, :id), :include_blank => true %>
    14: 
    15:     <%= f.submit %>
    16: <% end %>
  
app/views/specials/_form.html.erb:13:in `block in _app_views_specials__form_html_erb__2089457554093050019_21560'
app/views/specials/_form.html.erb:1:in `_app_views_specials__form_html_erb__2089457554093050019_21560'
app/views/specials/new.html.erb:3:in `_app_views_specials_new_html_erb__4107738742172917285_21540'
Started GET "/specials/new" for ::1 at 2020-03-19 19:48:42 +1100
Processing by SpecialsController#new as HTML
  Rendering specials/new.html.erb within layouts/application
  [1m[35m (0.8ms)[0m  [1m[34mSELECT "fighters"."name", "fighters"."id" FROM "fighters"[0m
  ↳ app/views/specials/_form.html.erb:13
  Rendered specials/_form.html.erb (46.5ms)
  Rendered specials/new.html.erb within layouts/application (49.1ms)
Completed 200 OK in 67ms (Views: 61.4ms | ActiveRecord: 3.4ms)


Started GET "/" for ::1 at 2020-03-19 19:50:11 +1100
Processing by PagesController#index as HTML
  Rendering pages/index.html.erb within layouts/application
  Rendered pages/index.html.erb within layouts/application (1.1ms)
Completed 200 OK in 15ms (Views: 13.7ms | ActiveRecord: 0.0ms)


